ERROR - 2023-10-05 08:22:20 --> Error connecting to the database: mysqli_sql_exception: Connection refused in /home/nicolas/Bureau/SlaveNarrativesSAE-1/CodeSource/Web/Version3/racine_recit_resclave/racine/system/Database/MySQLi/Connection.php:174
Stack trace:
#0 /home/nicolas/Bureau/SlaveNarrativesSAE-1/CodeSource/Web/Version3/racine_recit_resclave/racine/system/Database/MySQLi/Connection.php(174): mysqli->real_connect()
#1 /home/nicolas/Bureau/SlaveNarrativesSAE-1/CodeSource/Web/Version3/racine_recit_resclave/racine/system/Database/BaseConnection.php(391): CodeIgniter\Database\MySQLi\Connection->connect()
#2 /home/nicolas/Bureau/SlaveNarrativesSAE-1/CodeSource/Web/Version3/racine_recit_resclave/racine/system/Database/BaseConnection.php(573): CodeIgniter\Database\BaseConnection->initialize()
#3 /home/nicolas/Bureau/SlaveNarrativesSAE-1/CodeSource/Web/Version3/racine_recit_resclave/racine/system/Database/BaseBuilder.php(1602): CodeIgniter\Database\BaseConnection->query()
#4 /home/nicolas/Bureau/SlaveNarrativesSAE-1/CodeSource/Web/Version3/racine_recit_resclave/racine/system/Model.php(240): CodeIgniter\Database\BaseBuilder->get()
#5 /home/nicolas/Bureau/SlaveNarrativesSAE-1/CodeSource/Web/Version3/racine_recit_resclave/racine/system/BaseModel.php(618): CodeIgniter\Model->doFindAll()
#6 /home/nicolas/Bureau/SlaveNarrativesSAE-1/CodeSource/Web/Version3/racine_recit_resclave/racine/app/Models/ModelMap.php(19): CodeIgniter\BaseModel->findAll()
#7 /home/nicolas/Bureau/SlaveNarrativesSAE-1/CodeSource/Web/Version3/racine_recit_resclave/racine/app/Controllers/Map.php(79): App\Models\ModelMap->getPoints()
#8 /home/nicolas/Bureau/SlaveNarrativesSAE-1/CodeSource/Web/Version3/racine_recit_resclave/racine/system/CodeIgniter.php(934): App\Controllers\Map->index()
#9 /home/nicolas/Bureau/SlaveNarrativesSAE-1/CodeSource/Web/Version3/racine_recit_resclave/racine/system/CodeIgniter.php(499): CodeIgniter\CodeIgniter->runController()
#10 /home/nicolas/Bureau/SlaveNarrativesSAE-1/CodeSource/Web/Version3/racine_recit_resclave/racine/system/CodeIgniter.php(368): CodeIgniter\CodeIgniter->handleRequest()
#11 /home/nicolas/Bureau/SlaveNarrativesSAE-1/CodeSource/Web/Version3/racine_recit_resclave/racine/public/index.php(67): CodeIgniter\CodeIgniter->run()
#12 /home/nicolas/Bureau/SlaveNarrativesSAE-1/CodeSource/Web/Version3/racine_recit_resclave/racine/system/Commands/Server/rewrite.php(47): require_once('...')
#13 {main}

Next CodeIgniter\Database\Exceptions\DatabaseException: Connection refused in /home/nicolas/Bureau/SlaveNarrativesSAE-1/CodeSource/Web/Version3/racine_recit_resclave/racine/system/Database/MySQLi/Connection.php:218
Stack trace:
#0 /home/nicolas/Bureau/SlaveNarrativesSAE-1/CodeSource/Web/Version3/racine_recit_resclave/racine/system/Database/BaseConnection.php(391): CodeIgniter\Database\MySQLi\Connection->connect()
#1 /home/nicolas/Bureau/SlaveNarrativesSAE-1/CodeSource/Web/Version3/racine_recit_resclave/racine/system/Database/BaseConnection.php(573): CodeIgniter\Database\BaseConnection->initialize()
#2 /home/nicolas/Bureau/SlaveNarrativesSAE-1/CodeSource/Web/Version3/racine_recit_resclave/racine/system/Database/BaseBuilder.php(1602): CodeIgniter\Database\BaseConnection->query()
#3 /home/nicolas/Bureau/SlaveNarrativesSAE-1/CodeSource/Web/Version3/racine_recit_resclave/racine/system/Model.php(240): CodeIgniter\Database\BaseBuilder->get()
#4 /home/nicolas/Bureau/SlaveNarrativesSAE-1/CodeSource/Web/Version3/racine_recit_resclave/racine/system/BaseModel.php(618): CodeIgniter\Model->doFindAll()
#5 /home/nicolas/Bureau/SlaveNarrativesSAE-1/CodeSource/Web/Version3/racine_recit_resclave/racine/app/Models/ModelMap.php(19): CodeIgniter\BaseModel->findAll()
#6 /home/nicolas/Bureau/SlaveNarrativesSAE-1/CodeSource/Web/Version3/racine_recit_resclave/racine/app/Controllers/Map.php(79): App\Models\ModelMap->getPoints()
#7 /home/nicolas/Bureau/SlaveNarrativesSAE-1/CodeSource/Web/Version3/racine_recit_resclave/racine/system/CodeIgniter.php(934): App\Controllers\Map->index()
#8 /home/nicolas/Bureau/SlaveNarrativesSAE-1/CodeSource/Web/Version3/racine_recit_resclave/racine/system/CodeIgniter.php(499): CodeIgniter\CodeIgniter->runController()
#9 /home/nicolas/Bureau/SlaveNarrativesSAE-1/CodeSource/Web/Version3/racine_recit_resclave/racine/system/CodeIgniter.php(368): CodeIgniter\CodeIgniter->handleRequest()
#10 /home/nicolas/Bureau/SlaveNarrativesSAE-1/CodeSource/Web/Version3/racine_recit_resclave/racine/public/index.php(67): CodeIgniter\CodeIgniter->run()
#11 /home/nicolas/Bureau/SlaveNarrativesSAE-1/CodeSource/Web/Version3/racine_recit_resclave/racine/system/Commands/Server/rewrite.php(47): require_once('...')
#12 {main}
CRITICAL - 2023-10-05 08:22:20 --> Unable to connect to the database.
Main connection [MySQLi]: Connection refused
in SYSTEMPATH/Database/BaseConnection.php on line 427.
 1 SYSTEMPATH/Database/BaseConnection.php(573): CodeIgniter\Database\BaseConnection->initialize()
 2 SYSTEMPATH/Database/BaseBuilder.php(1602): CodeIgniter\Database\BaseConnection->query()
 3 SYSTEMPATH/Model.php(240): CodeIgniter\Database\BaseBuilder->get()
 4 SYSTEMPATH/BaseModel.php(618): CodeIgniter\Model->doFindAll()
 5 APPPATH/Models/ModelMap.php(19): CodeIgniter\BaseModel->findAll()
 6 APPPATH/Controllers/Map.php(79): App\Models\ModelMap->getPoints()
 7 SYSTEMPATH/CodeIgniter.php(934): App\Controllers\Map->index()
 8 SYSTEMPATH/CodeIgniter.php(499): CodeIgniter\CodeIgniter->runController()
 9 SYSTEMPATH/CodeIgniter.php(368): CodeIgniter\CodeIgniter->handleRequest()
10 FCPATH/index.php(67): CodeIgniter\CodeIgniter->run()
11 SYSTEMPATH/Commands/Server/rewrite.php(47): require_once('FCPATH/index.php')
INFO - 2023-10-05 08:25:56 --> Session: Class initialized using 'CodeIgniter\Session\Handlers\FileHandler' driver.
INFO - 2023-10-05 08:26:29 --> Session: Class initialized using 'CodeIgniter\Session\Handlers\FileHandler' driver.
INFO - 2023-10-05 08:26:29 --> Session: Class initialized using 'CodeIgniter\Session\Handlers\FileHandler' driver.
CRITICAL - 2023-10-05 08:48:33 --> Undefined array key 0
in APPPATH/Controllers/Ajout.php on line 36.
 1 APPPATH/Controllers/Ajout.php(36): CodeIgniter\Debug\Exceptions->errorHandler()
 2 SYSTEMPATH/CodeIgniter.php(934): App\Controllers\Ajout->InsertPoint()
 3 SYSTEMPATH/CodeIgniter.php(499): CodeIgniter\CodeIgniter->runController()
 4 SYSTEMPATH/CodeIgniter.php(368): CodeIgniter\CodeIgniter->handleRequest()
 5 FCPATH/index.php(67): CodeIgniter\CodeIgniter->run()
 6 SYSTEMPATH/Commands/Server/rewrite.php(47): require_once('FCPATH/index.php')
CRITICAL - 2023-10-05 08:49:37 --> Undefined array key 0
in APPPATH/Controllers/Ajout.php on line 36.
 1 APPPATH/Controllers/Ajout.php(36): CodeIgniter\Debug\Exceptions->errorHandler()
 2 SYSTEMPATH/CodeIgniter.php(934): App\Controllers\Ajout->InsertPoint()
 3 SYSTEMPATH/CodeIgniter.php(499): CodeIgniter\CodeIgniter->runController()
 4 SYSTEMPATH/CodeIgniter.php(368): CodeIgniter\CodeIgniter->handleRequest()
 5 FCPATH/index.php(67): CodeIgniter\CodeIgniter->run()
 6 SYSTEMPATH/Commands/Server/rewrite.php(47): require_once('FCPATH/index.php')
CRITICAL - 2023-10-05 08:50:25 --> Undefined array key 0
in APPPATH/Controllers/Ajout.php on line 36.
 1 APPPATH/Controllers/Ajout.php(36): CodeIgniter\Debug\Exceptions->errorHandler()
 2 SYSTEMPATH/CodeIgniter.php(934): App\Controllers\Ajout->InsertPoint()
 3 SYSTEMPATH/CodeIgniter.php(499): CodeIgniter\CodeIgniter->runController()
 4 SYSTEMPATH/CodeIgniter.php(368): CodeIgniter\CodeIgniter->handleRequest()
 5 FCPATH/index.php(67): CodeIgniter\CodeIgniter->run()
 6 SYSTEMPATH/Commands/Server/rewrite.php(47): require_once('FCPATH/index.php')
CRITICAL - 2023-10-05 08:50:50 --> Undefined array key 0
in APPPATH/Controllers/Ajout.php on line 36.
 1 APPPATH/Controllers/Ajout.php(36): CodeIgniter\Debug\Exceptions->errorHandler()
 2 SYSTEMPATH/CodeIgniter.php(934): App\Controllers\Ajout->InsertPoint()
 3 SYSTEMPATH/CodeIgniter.php(499): CodeIgniter\CodeIgniter->runController()
 4 SYSTEMPATH/CodeIgniter.php(368): CodeIgniter\CodeIgniter->handleRequest()
 5 FCPATH/index.php(67): CodeIgniter\CodeIgniter->run()
 6 SYSTEMPATH/Commands/Server/rewrite.php(47): require_once('FCPATH/index.php')
INFO - 2023-10-05 08:51:02 --> Session: Class initialized using 'CodeIgniter\Session\Handlers\FileHandler' driver.
INFO - 2023-10-05 08:51:37 --> Session: Class initialized using 'CodeIgniter\Session\Handlers\FileHandler' driver.
INFO - 2023-10-05 08:51:46 --> Session: Class initialized using 'CodeIgniter\Session\Handlers\FileHandler' driver.
INFO - 2023-10-05 08:51:56 --> Session: Class initialized using 'CodeIgniter\Session\Handlers\FileHandler' driver.
INFO - 2023-10-05 09:02:20 --> Session: Class initialized using 'CodeIgniter\Session\Handlers\FileHandler' driver.
CRITICAL - 2023-10-05 09:21:26 --> Undefined array key 0
in APPPATH/Controllers/Ajout.php on line 36.
 1 APPPATH/Controllers/Ajout.php(36): CodeIgniter\Debug\Exceptions->errorHandler()
 2 SYSTEMPATH/CodeIgniter.php(934): App\Controllers\Ajout->InsertPoint()
 3 SYSTEMPATH/CodeIgniter.php(499): CodeIgniter\CodeIgniter->runController()
 4 SYSTEMPATH/CodeIgniter.php(368): CodeIgniter\CodeIgniter->handleRequest()
 5 FCPATH/index.php(67): CodeIgniter\CodeIgniter->run()
 6 SYSTEMPATH/Commands/Server/rewrite.php(47): require_once('FCPATH/index.php')
INFO - 2023-10-05 09:29:54 --> Session: Class initialized using 'CodeIgniter\Session\Handlers\FileHandler' driver.
INFO - 2023-10-05 09:30:22 --> Session: Class initialized using 'CodeIgniter\Session\Handlers\FileHandler' driver.
INFO - 2023-10-05 09:31:11 --> Session: Class initialized using 'CodeIgniter\Session\Handlers\FileHandler' driver.
INFO - 2023-10-05 09:31:30 --> Session: Class initialized using 'CodeIgniter\Session\Handlers\FileHandler' driver.
INFO - 2023-10-05 09:31:36 --> Session: Class initialized using 'CodeIgniter\Session\Handlers\FileHandler' driver.
INFO - 2023-10-05 09:32:37 --> Session: Class initialized using 'CodeIgniter\Session\Handlers\FileHandler' driver.
INFO - 2023-10-05 09:32:44 --> Session: Class initialized using 'CodeIgniter\Session\Handlers\FileHandler' driver.
INFO - 2023-10-05 09:33:44 --> Session: Class initialized using 'CodeIgniter\Session\Handlers\FileHandler' driver.
INFO - 2023-10-05 09:34:10 --> Session: Class initialized using 'CodeIgniter\Session\Handlers\FileHandler' driver.
INFO - 2023-10-05 09:35:05 --> Session: Class initialized using 'CodeIgniter\Session\Handlers\FileHandler' driver.
INFO - 2023-10-05 09:36:09 --> Session: Class initialized using 'CodeIgniter\Session\Handlers\FileHandler' driver.
INFO - 2023-10-05 09:40:21 --> Session: Class initialized using 'CodeIgniter\Session\Handlers\FileHandler' driver.
INFO - 2023-10-05 09:40:45 --> Session: Class initialized using 'CodeIgniter\Session\Handlers\FileHandler' driver.
INFO - 2023-10-05 09:47:20 --> Session: Class initialized using 'CodeIgniter\Session\Handlers\FileHandler' driver.
INFO - 2023-10-05 09:48:00 --> Session: Class initialized using 'CodeIgniter\Session\Handlers\FileHandler' driver.
INFO - 2023-10-05 09:48:18 --> Session: Class initialized using 'CodeIgniter\Session\Handlers\FileHandler' driver.
INFO - 2023-10-05 09:59:56 --> Session: Class initialized using 'CodeIgniter\Session\Handlers\FileHandler' driver.
INFO - 2023-10-05 10:00:52 --> Session: Class initialized using 'CodeIgniter\Session\Handlers\FileHandler' driver.
INFO - 2023-10-05 10:02:12 --> Session: Class initialized using 'CodeIgniter\Session\Handlers\FileHandler' driver.
INFO - 2023-10-05 10:02:37 --> Session: Class initialized using 'CodeIgniter\Session\Handlers\FileHandler' driver.
INFO - 2023-10-05 10:02:43 --> Session: Class initialized using 'CodeIgniter\Session\Handlers\FileHandler' driver.
INFO - 2023-10-05 10:02:53 --> Session: Class initialized using 'CodeIgniter\Session\Handlers\FileHandler' driver.
INFO - 2023-10-05 10:03:01 --> Session: Class initialized using 'CodeIgniter\Session\Handlers\FileHandler' driver.
INFO - 2023-10-05 10:03:10 --> Session: Class initialized using 'CodeIgniter\Session\Handlers\FileHandler' driver.
