INFO - 2023-10-04 10:59:56 --> Session: Class initialized using 'CodeIgniter\Session\Handlers\FileHandler' driver.
INFO - 2023-10-04 10:59:58 --> Session: Class initialized using 'CodeIgniter\Session\Handlers\FileHandler' driver.
INFO - 2023-10-04 11:05:38 --> Session: Class initialized using 'CodeIgniter\Session\Handlers\FileHandler' driver.
INFO - 2023-10-04 11:06:06 --> Session: Class initialized using 'CodeIgniter\Session\Handlers\FileHandler' driver.
INFO - 2023-10-04 11:06:21 --> Session: Class initialized using 'CodeIgniter\Session\Handlers\FileHandler' driver.
INFO - 2023-10-04 11:06:36 --> Session: Class initialized using 'CodeIgniter\Session\Handlers\FileHandler' driver.
INFO - 2023-10-04 11:06:39 --> Session: Class initialized using 'CodeIgniter\Session\Handlers\FileHandler' driver.
CRITICAL - 2023-10-04 11:06:39 --> Undefined variable $data
in APPPATH\Views\resclaves\view.php on line 36.
 1 APPPATH\Views\resclaves\view.php(36): CodeIgniter\Debug\Exceptions->errorHandler(2, 'Undefined variable $data', 'APPPATH\\Views\\resclaves\\view.php', 36)
 2 SYSTEMPATH\View\View.php(213): include('APPPATH\\Views\\resclaves\\view.php')
 3 SYSTEMPATH\View\View.php(216): CodeIgniter\View\View->CodeIgniter\View\{closure}()
 4 SYSTEMPATH\Common.php(1177): CodeIgniter\View\View->render('resclaves/view', [], true)
 5 APPPATH\Controllers\Recits.php(65): view('resclaves/view', [...])
 6 SYSTEMPATH\CodeIgniter.php(934): App\Controllers\Recits->view('59')
 7 SYSTEMPATH\CodeIgniter.php(499): CodeIgniter\CodeIgniter->runController(Object(App\Controllers\Recits))
 8 SYSTEMPATH\CodeIgniter.php(368): CodeIgniter\CodeIgniter->handleRequest(null, Object(Config\Cache), false)
 9 FCPATH\index.php(67): CodeIgniter\CodeIgniter->run()
10 SYSTEMPATH\Commands\Server\rewrite.php(47): require_once('FCPATH\\index.php')
INFO - 2023-10-04 11:07:11 --> Session: Class initialized using 'CodeIgniter\Session\Handlers\FileHandler' driver.
INFO - 2023-10-04 11:07:13 --> Session: Class initialized using 'CodeIgniter\Session\Handlers\FileHandler' driver.
INFO - 2023-10-04 11:07:15 --> Session: Class initialized using 'CodeIgniter\Session\Handlers\FileHandler' driver.
CRITICAL - 2023-10-04 11:07:15 --> Undefined variable $data
in APPPATH\Views\resclaves\view.php on line 36.
 1 APPPATH\Views\resclaves\view.php(36): CodeIgniter\Debug\Exceptions->errorHandler(2, 'Undefined variable $data', 'APPPATH\\Views\\resclaves\\view.php', 36)
 2 SYSTEMPATH\View\View.php(213): include('APPPATH\\Views\\resclaves\\view.php')
 3 SYSTEMPATH\View\View.php(216): CodeIgniter\View\View->CodeIgniter\View\{closure}()
 4 SYSTEMPATH\Common.php(1177): CodeIgniter\View\View->render('resclaves/view', [], true)
 5 APPPATH\Controllers\Recits.php(65): view('resclaves/view', [...])
 6 SYSTEMPATH\CodeIgniter.php(934): App\Controllers\Recits->view('59')
 7 SYSTEMPATH\CodeIgniter.php(499): CodeIgniter\CodeIgniter->runController(Object(App\Controllers\Recits))
 8 SYSTEMPATH\CodeIgniter.php(368): CodeIgniter\CodeIgniter->handleRequest(null, Object(Config\Cache), false)
 9 FCPATH\index.php(67): CodeIgniter\CodeIgniter->run()
10 SYSTEMPATH\Commands\Server\rewrite.php(47): require_once('FCPATH\\index.php')
INFO - 2023-10-04 11:07:20 --> Session: Class initialized using 'CodeIgniter\Session\Handlers\FileHandler' driver.
INFO - 2023-10-04 11:08:03 --> Session: Class initialized using 'CodeIgniter\Session\Handlers\FileHandler' driver.
INFO - 2023-10-04 11:08:07 --> Session: Class initialized using 'CodeIgniter\Session\Handlers\FileHandler' driver.
INFO - 2023-10-04 11:08:15 --> Session: Class initialized using 'CodeIgniter\Session\Handlers\FileHandler' driver.
INFO - 2023-10-04 11:08:16 --> Session: Class initialized using 'CodeIgniter\Session\Handlers\FileHandler' driver.
INFO - 2023-10-04 11:08:21 --> Session: Class initialized using 'CodeIgniter\Session\Handlers\FileHandler' driver.
INFO - 2023-10-04 11:08:25 --> Session: Class initialized using 'CodeIgniter\Session\Handlers\FileHandler' driver.
INFO - 2023-10-04 11:08:28 --> Session: Class initialized using 'CodeIgniter\Session\Handlers\FileHandler' driver.
CRITICAL - 2023-10-04 11:08:28 --> Undefined variable $data
in APPPATH\Views\resclaves\view.php on line 36.
 1 APPPATH\Views\resclaves\view.php(36): CodeIgniter\Debug\Exceptions->errorHandler(2, 'Undefined variable $data', 'APPPATH\\Views\\resclaves\\view.php', 36)
 2 SYSTEMPATH\View\View.php(213): include('APPPATH\\Views\\resclaves\\view.php')
 3 SYSTEMPATH\View\View.php(216): CodeIgniter\View\View->CodeIgniter\View\{closure}()
 4 SYSTEMPATH\Common.php(1177): CodeIgniter\View\View->render('resclaves/view', [], true)
 5 APPPATH\Controllers\Recits.php(65): view('resclaves/view', [...])
 6 SYSTEMPATH\CodeIgniter.php(934): App\Controllers\Recits->view('59')
 7 SYSTEMPATH\CodeIgniter.php(499): CodeIgniter\CodeIgniter->runController(Object(App\Controllers\Recits))
 8 SYSTEMPATH\CodeIgniter.php(368): CodeIgniter\CodeIgniter->handleRequest(null, Object(Config\Cache), false)
 9 FCPATH\index.php(67): CodeIgniter\CodeIgniter->run()
10 SYSTEMPATH\Commands\Server\rewrite.php(47): require_once('FCPATH\\index.php')
INFO - 2023-10-04 11:10:12 --> Session: Class initialized using 'CodeIgniter\Session\Handlers\FileHandler' driver.
CRITICAL - 2023-10-04 11:10:45 --> Undefined variable $data
in APPPATH\Views\resclaves\view.php on line 36.
 1 APPPATH\Views\resclaves\view.php(36): CodeIgniter\Debug\Exceptions->errorHandler(2, 'Undefined variable $data', 'APPPATH\\Views\\resclaves\\view.php', 36)
 2 SYSTEMPATH\View\View.php(213): include('APPPATH\\Views\\resclaves\\view.php')
 3 SYSTEMPATH\View\View.php(216): CodeIgniter\View\View->CodeIgniter\View\{closure}()
 4 SYSTEMPATH\Common.php(1177): CodeIgniter\View\View->render('resclaves/view', [], true)
 5 APPPATH\Controllers\Recits.php(65): view('resclaves/view', [...])
 6 SYSTEMPATH\CodeIgniter.php(934): App\Controllers\Recits->view('59')
 7 SYSTEMPATH\CodeIgniter.php(499): CodeIgniter\CodeIgniter->runController(Object(App\Controllers\Recits))
 8 SYSTEMPATH\CodeIgniter.php(368): CodeIgniter\CodeIgniter->handleRequest(null, Object(Config\Cache), false)
 9 FCPATH\index.php(67): CodeIgniter\CodeIgniter->run()
10 SYSTEMPATH\Commands\Server\rewrite.php(47): require_once('FCPATH\\index.php')
INFO - 2023-10-04 11:11:15 --> Session: Class initialized using 'CodeIgniter\Session\Handlers\FileHandler' driver.
INFO - 2023-10-04 11:13:49 --> Session: Class initialized using 'CodeIgniter\Session\Handlers\FileHandler' driver.
INFO - 2023-10-04 11:13:53 --> Session: Class initialized using 'CodeIgniter\Session\Handlers\FileHandler' driver.
INFO - 2023-10-04 11:14:05 --> Session: Class initialized using 'CodeIgniter\Session\Handlers\FileHandler' driver.
INFO - 2023-10-04 11:14:45 --> Session: Class initialized using 'CodeIgniter\Session\Handlers\FileHandler' driver.
INFO - 2023-10-04 11:14:50 --> Session: Class initialized using 'CodeIgniter\Session\Handlers\FileHandler' driver.
INFO - 2023-10-04 11:15:03 --> Session: Class initialized using 'CodeIgniter\Session\Handlers\FileHandler' driver.
INFO - 2023-10-04 11:15:13 --> Session: Class initialized using 'CodeIgniter\Session\Handlers\FileHandler' driver.
INFO - 2023-10-04 11:15:16 --> Session: Class initialized using 'CodeIgniter\Session\Handlers\FileHandler' driver.
INFO - 2023-10-04 11:15:48 --> Session: Class initialized using 'CodeIgniter\Session\Handlers\FileHandler' driver.
INFO - 2023-10-04 11:16:11 --> Session: Class initialized using 'CodeIgniter\Session\Handlers\FileHandler' driver.
CRITICAL - 2023-10-04 11:21:37 --> Undefined array key 1
in APPPATH\Controllers\Recits.php on line 49.
 1 APPPATH\Controllers\Recits.php(49): CodeIgniter\Debug\Exceptions->errorHandler(2, 'Undefined array key 1', 'APPPATH\\Controllers\\Recits.php', 49)
 2 SYSTEMPATH\CodeIgniter.php(934): App\Controllers\Recits->view('59')
 3 SYSTEMPATH\CodeIgniter.php(499): CodeIgniter\CodeIgniter->runController(Object(App\Controllers\Recits))
 4 SYSTEMPATH\CodeIgniter.php(368): CodeIgniter\CodeIgniter->handleRequest(null, Object(Config\Cache), false)
 5 FCPATH\index.php(67): CodeIgniter\CodeIgniter->run()
 6 SYSTEMPATH\Commands\Server\rewrite.php(47): require_once('FCPATH\\index.php')
CRITICAL - 2023-10-04 12:34:01 --> Undefined array key 1
in APPPATH\Controllers\Recits.php on line 39.
 1 APPPATH\Controllers\Recits.php(39): CodeIgniter\Debug\Exceptions->errorHandler(2, 'Undefined array key 1', 'APPPATH\\Controllers\\Recits.php', 39)
 2 SYSTEMPATH\CodeIgniter.php(934): App\Controllers\Recits->view('59')
 3 SYSTEMPATH\CodeIgniter.php(499): CodeIgniter\CodeIgniter->runController(Object(App\Controllers\Recits))
 4 SYSTEMPATH\CodeIgniter.php(368): CodeIgniter\CodeIgniter->handleRequest(null, Object(Config\Cache), false)
 5 FCPATH\index.php(67): CodeIgniter\CodeIgniter->run()
 6 SYSTEMPATH\Commands\Server\rewrite.php(47): require_once('FCPATH\\index.php')
CRITICAL - 2023-10-04 12:34:06 --> Undefined array key 1
in APPPATH\Controllers\Recits.php on line 39.
 1 APPPATH\Controllers\Recits.php(39): CodeIgniter\Debug\Exceptions->errorHandler(2, 'Undefined array key 1', 'APPPATH\\Controllers\\Recits.php', 39)
 2 SYSTEMPATH\CodeIgniter.php(934): App\Controllers\Recits->view('59')
 3 SYSTEMPATH\CodeIgniter.php(499): CodeIgniter\CodeIgniter->runController(Object(App\Controllers\Recits))
 4 SYSTEMPATH\CodeIgniter.php(368): CodeIgniter\CodeIgniter->handleRequest(null, Object(Config\Cache), false)
 5 FCPATH\index.php(67): CodeIgniter\CodeIgniter->run()
 6 SYSTEMPATH\Commands\Server\rewrite.php(47): require_once('FCPATH\\index.php')
CRITICAL - 2023-10-04 12:34:07 --> Undefined array key 1
in APPPATH\Controllers\Recits.php on line 39.
 1 APPPATH\Controllers\Recits.php(39): CodeIgniter\Debug\Exceptions->errorHandler(2, 'Undefined array key 1', 'APPPATH\\Controllers\\Recits.php', 39)
 2 SYSTEMPATH\CodeIgniter.php(934): App\Controllers\Recits->view('59')
 3 SYSTEMPATH\CodeIgniter.php(499): CodeIgniter\CodeIgniter->runController(Object(App\Controllers\Recits))
 4 SYSTEMPATH\CodeIgniter.php(368): CodeIgniter\CodeIgniter->handleRequest(null, Object(Config\Cache), false)
 5 FCPATH\index.php(67): CodeIgniter\CodeIgniter->run()
 6 SYSTEMPATH\Commands\Server\rewrite.php(47): require_once('FCPATH\\index.php')
CRITICAL - 2023-10-04 12:34:08 --> Undefined array key 1
in APPPATH\Controllers\Recits.php on line 39.
 1 APPPATH\Controllers\Recits.php(39): CodeIgniter\Debug\Exceptions->errorHandler(2, 'Undefined array key 1', 'APPPATH\\Controllers\\Recits.php', 39)
 2 SYSTEMPATH\CodeIgniter.php(934): App\Controllers\Recits->view('59')
 3 SYSTEMPATH\CodeIgniter.php(499): CodeIgniter\CodeIgniter->runController(Object(App\Controllers\Recits))
 4 SYSTEMPATH\CodeIgniter.php(368): CodeIgniter\CodeIgniter->handleRequest(null, Object(Config\Cache), false)
 5 FCPATH\index.php(67): CodeIgniter\CodeIgniter->run()
 6 SYSTEMPATH\Commands\Server\rewrite.php(47): require_once('FCPATH\\index.php')
INFO - 2023-10-04 12:34:22 --> Session: Class initialized using 'CodeIgniter\Session\Handlers\FileHandler' driver.
INFO - 2023-10-04 12:35:11 --> Session: Class initialized using 'CodeIgniter\Session\Handlers\FileHandler' driver.
CRITICAL - 2023-10-04 12:35:12 --> Array to string conversion
in APPPATH\Views\resclaves\view.php on line 37.
 1 APPPATH\Views\resclaves\view.php(37): CodeIgniter\Debug\Exceptions->errorHandler(2, 'Array to string conversion', 'APPPATH\\Views\\resclaves\\view.php', 37)
 2 SYSTEMPATH\View\View.php(213): include('APPPATH\\Views\\resclaves\\view.php')
 3 SYSTEMPATH\View\View.php(216): CodeIgniter\View\View->CodeIgniter\View\{closure}()
 4 SYSTEMPATH\Common.php(1177): CodeIgniter\View\View->render('resclaves/view', [], true)
 5 APPPATH\Controllers\Recits.php(65): view('resclaves/view', [...])
 6 SYSTEMPATH\CodeIgniter.php(934): App\Controllers\Recits->view('59')
 7 SYSTEMPATH\CodeIgniter.php(499): CodeIgniter\CodeIgniter->runController(Object(App\Controllers\Recits))
 8 SYSTEMPATH\CodeIgniter.php(368): CodeIgniter\CodeIgniter->handleRequest(null, Object(Config\Cache), false)
 9 FCPATH\index.php(67): CodeIgniter\CodeIgniter->run()
10 SYSTEMPATH\Commands\Server\rewrite.php(47): require_once('FCPATH\\index.php')
INFO - 2023-10-04 12:35:26 --> Session: Class initialized using 'CodeIgniter\Session\Handlers\FileHandler' driver.
INFO - 2023-10-04 12:47:33 --> Session: Class initialized using 'CodeIgniter\Session\Handlers\FileHandler' driver.
INFO - 2023-10-04 12:49:19 --> Session: Class initialized using 'CodeIgniter\Session\Handlers\FileHandler' driver.
INFO - 2023-10-04 12:49:34 --> Session: Class initialized using 'CodeIgniter\Session\Handlers\FileHandler' driver.
CRITICAL - 2023-10-04 12:49:37 --> preg_split(): Argument #2 ($subject) must be of type string, array given
in APPPATH\Controllers\Recits.php on line 37.
 1 APPPATH\Controllers\Recits.php(37): preg_split('/[()]/', [...])
 2 SYSTEMPATH\CodeIgniter.php(934): App\Controllers\Recits->view('59')
 3 SYSTEMPATH\CodeIgniter.php(499): CodeIgniter\CodeIgniter->runController(Object(App\Controllers\Recits))
 4 SYSTEMPATH\CodeIgniter.php(368): CodeIgniter\CodeIgniter->handleRequest(null, Object(Config\Cache), false)
 5 FCPATH\index.php(67): CodeIgniter\CodeIgniter->run()
 6 SYSTEMPATH\Commands\Server\rewrite.php(47): require_once('FCPATH\\index.php')
CRITICAL - 2023-10-04 12:52:48 --> preg_split(): Argument #2 ($subject) must be of type string, array given
in APPPATH\Controllers\Recits.php on line 38.
 1 APPPATH\Controllers\Recits.php(38): preg_split('/[()]/', [...])
 2 SYSTEMPATH\CodeIgniter.php(934): App\Controllers\Recits->view('59')
 3 SYSTEMPATH\CodeIgniter.php(499): CodeIgniter\CodeIgniter->runController(Object(App\Controllers\Recits))
 4 SYSTEMPATH\CodeIgniter.php(368): CodeIgniter\CodeIgniter->handleRequest(null, Object(Config\Cache), false)
 5 FCPATH\index.php(67): CodeIgniter\CodeIgniter->run()
 6 SYSTEMPATH\Commands\Server\rewrite.php(47): require_once('FCPATH\\index.php')
CRITICAL - 2023-10-04 12:52:53 --> preg_split(): Argument #2 ($subject) must be of type string, array given
in APPPATH\Controllers\Recits.php on line 38.
 1 APPPATH\Controllers\Recits.php(38): preg_split('/[()]/', [...])
 2 SYSTEMPATH\CodeIgniter.php(934): App\Controllers\Recits->view('59')
 3 SYSTEMPATH\CodeIgniter.php(499): CodeIgniter\CodeIgniter->runController(Object(App\Controllers\Recits))
 4 SYSTEMPATH\CodeIgniter.php(368): CodeIgniter\CodeIgniter->handleRequest(null, Object(Config\Cache), false)
 5 FCPATH\index.php(67): CodeIgniter\CodeIgniter->run()
 6 SYSTEMPATH\Commands\Server\rewrite.php(47): require_once('FCPATH\\index.php')
INFO - 2023-10-04 13:00:14 --> Session: Class initialized using 'CodeIgniter\Session\Handlers\FileHandler' driver.
INFO - 2023-10-04 13:00:58 --> Session: Class initialized using 'CodeIgniter\Session\Handlers\FileHandler' driver.
INFO - 2023-10-04 13:01:28 --> Session: Class initialized using 'CodeIgniter\Session\Handlers\FileHandler' driver.
INFO - 2023-10-04 13:01:31 --> Session: Class initialized using 'CodeIgniter\Session\Handlers\FileHandler' driver.
INFO - 2023-10-04 13:04:17 --> Session: Class initialized using 'CodeIgniter\Session\Handlers\FileHandler' driver.
INFO - 2023-10-04 13:05:43 --> Session: Class initialized using 'CodeIgniter\Session\Handlers\FileHandler' driver.
INFO - 2023-10-04 13:07:27 --> Session: Class initialized using 'CodeIgniter\Session\Handlers\FileHandler' driver.
CRITICAL - 2023-10-04 13:07:28 --> foreach() argument must be of type array|object, string given
in APPPATH\Views\resclaves\view.php on line 38.
 1 APPPATH\Views\resclaves\view.php(38): CodeIgniter\Debug\Exceptions->errorHandler(2, 'foreach() argument must be of type array|object, string given', 'APPPATH\\Views\\resclaves\\view.php', 38)
 2 SYSTEMPATH\View\View.php(213): include('APPPATH\\Views\\resclaves\\view.php')
 3 SYSTEMPATH\View\View.php(216): CodeIgniter\View\View->CodeIgniter\View\{closure}()
 4 SYSTEMPATH\Common.php(1177): CodeIgniter\View\View->render('resclaves/view', [], true)
 5 APPPATH\Controllers\Recits.php(74): view('resclaves/view', [...])
 6 SYSTEMPATH\CodeIgniter.php(934): App\Controllers\Recits->view('59')
 7 SYSTEMPATH\CodeIgniter.php(499): CodeIgniter\CodeIgniter->runController(Object(App\Controllers\Recits))
 8 SYSTEMPATH\CodeIgniter.php(368): CodeIgniter\CodeIgniter->handleRequest(null, Object(Config\Cache), false)
 9 FCPATH\index.php(67): CodeIgniter\CodeIgniter->run()
10 SYSTEMPATH\Commands\Server\rewrite.php(47): require_once('FCPATH\\index.php')
INFO - 2023-10-04 13:07:36 --> Session: Class initialized using 'CodeIgniter\Session\Handlers\FileHandler' driver.
INFO - 2023-10-04 13:12:15 --> Session: Class initialized using 'CodeIgniter\Session\Handlers\FileHandler' driver.
INFO - 2023-10-04 13:12:18 --> Session: Class initialized using 'CodeIgniter\Session\Handlers\FileHandler' driver.
INFO - 2023-10-04 13:12:23 --> Session: Class initialized using 'CodeIgniter\Session\Handlers\FileHandler' driver.
INFO - 2023-10-04 13:12:43 --> Session: Class initialized using 'CodeIgniter\Session\Handlers\FileHandler' driver.
CRITICAL - 2023-10-04 13:13:09 --> Undefined variable $match
in APPPATH\Controllers\Recits.php on line 40.
 1 APPPATH\Controllers\Recits.php(40): CodeIgniter\Debug\Exceptions->errorHandler(2, 'Undefined variable $match', 'APPPATH\\Controllers\\Recits.php', 40)
 2 SYSTEMPATH\CodeIgniter.php(934): App\Controllers\Recits->view('59')
 3 SYSTEMPATH\CodeIgniter.php(499): CodeIgniter\CodeIgniter->runController(Object(App\Controllers\Recits))
 4 SYSTEMPATH\CodeIgniter.php(368): CodeIgniter\CodeIgniter->handleRequest(null, Object(Config\Cache), false)
 5 FCPATH\index.php(67): CodeIgniter\CodeIgniter->run()
 6 SYSTEMPATH\Commands\Server\rewrite.php(47): require_once('FCPATH\\index.php')
INFO - 2023-10-04 13:13:19 --> Session: Class initialized using 'CodeIgniter\Session\Handlers\FileHandler' driver.
WARNING - 2023-10-04 13:19:40 --> [DEPRECATED] preg_match_all(): Passing null to parameter #2 ($subject) of type string is deprecated in APPPATH\Controllers\Recits.php on line 40.
 1 APPPATH\Controllers\Recits.php(40): preg_match_all('/\\(([^,]+),([^,]+),(\\d+)\\)/', null, [...])
 2 SYSTEMPATH\CodeIgniter.php(934): App\Controllers\Recits->view('59')
 3 SYSTEMPATH\CodeIgniter.php(499): CodeIgniter\CodeIgniter->runController(Object(App\Controllers\Recits))
 4 SYSTEMPATH\CodeIgniter.php(368): CodeIgniter\CodeIgniter->handleRequest(null, Object(Config\Cache), false)
 5 FCPATH\index.php(67): CodeIgniter\CodeIgniter->run()
 6 SYSTEMPATH\Commands\Server\rewrite.php(47): require_once('FCPATH\\index.php')
WARNING - 2023-10-04 13:19:40 --> [DEPRECATED] preg_match_all(): Passing null to parameter #2 ($subject) of type string is deprecated in APPPATH\Controllers\Recits.php on line 40.
 1 APPPATH\Controllers\Recits.php(40): preg_match_all('/\\(([^,]+),([^,]+),(\\d+)\\)/', null, [...])
 2 SYSTEMPATH\CodeIgniter.php(934): App\Controllers\Recits->view('59')
 3 SYSTEMPATH\CodeIgniter.php(499): CodeIgniter\CodeIgniter->runController(Object(App\Controllers\Recits))
 4 SYSTEMPATH\CodeIgniter.php(368): CodeIgniter\CodeIgniter->handleRequest(null, Object(Config\Cache), false)
 5 FCPATH\index.php(67): CodeIgniter\CodeIgniter->run()
 6 SYSTEMPATH\Commands\Server\rewrite.php(47): require_once('FCPATH\\index.php')
WARNING - 2023-10-04 13:19:40 --> [DEPRECATED] preg_match_all(): Passing null to parameter #2 ($subject) of type string is deprecated in APPPATH\Controllers\Recits.php on line 40.
 1 APPPATH\Controllers\Recits.php(40): preg_match_all('/\\(([^,]+),([^,]+),(\\d+)\\)/', null, [...])
 2 SYSTEMPATH\CodeIgniter.php(934): App\Controllers\Recits->view('59')
 3 SYSTEMPATH\CodeIgniter.php(499): CodeIgniter\CodeIgniter->runController(Object(App\Controllers\Recits))
 4 SYSTEMPATH\CodeIgniter.php(368): CodeIgniter\CodeIgniter->handleRequest(null, Object(Config\Cache), false)
 5 FCPATH\index.php(67): CodeIgniter\CodeIgniter->run()
 6 SYSTEMPATH\Commands\Server\rewrite.php(47): require_once('FCPATH\\index.php')
WARNING - 2023-10-04 13:19:40 --> [DEPRECATED] preg_match_all(): Passing null to parameter #2 ($subject) of type string is deprecated in APPPATH\Controllers\Recits.php on line 40.
 1 APPPATH\Controllers\Recits.php(40): preg_match_all('/\\(([^,]+),([^,]+),(\\d+)\\)/', null, [...])
 2 SYSTEMPATH\CodeIgniter.php(934): App\Controllers\Recits->view('59')
 3 SYSTEMPATH\CodeIgniter.php(499): CodeIgniter\CodeIgniter->runController(Object(App\Controllers\Recits))
 4 SYSTEMPATH\CodeIgniter.php(368): CodeIgniter\CodeIgniter->handleRequest(null, Object(Config\Cache), false)
 5 FCPATH\index.php(67): CodeIgniter\CodeIgniter->run()
 6 SYSTEMPATH\Commands\Server\rewrite.php(47): require_once('FCPATH\\index.php')
WARNING - 2023-10-04 13:19:40 --> [DEPRECATED] preg_match_all(): Passing null to parameter #2 ($subject) of type string is deprecated in APPPATH\Controllers\Recits.php on line 40.
 1 APPPATH\Controllers\Recits.php(40): preg_match_all('/\\(([^,]+),([^,]+),(\\d+)\\)/', null, [...])
 2 SYSTEMPATH\CodeIgniter.php(934): App\Controllers\Recits->view('59')
 3 SYSTEMPATH\CodeIgniter.php(499): CodeIgniter\CodeIgniter->runController(Object(App\Controllers\Recits))
 4 SYSTEMPATH\CodeIgniter.php(368): CodeIgniter\CodeIgniter->handleRequest(null, Object(Config\Cache), false)
 5 FCPATH\index.php(67): CodeIgniter\CodeIgniter->run()
 6 SYSTEMPATH\Commands\Server\rewrite.php(47): require_once('FCPATH\\index.php')
WARNING - 2023-10-04 13:19:40 --> [DEPRECATED] preg_match_all(): Passing null to parameter #2 ($subject) of type string is deprecated in APPPATH\Controllers\Recits.php on line 40.
 1 APPPATH\Controllers\Recits.php(40): preg_match_all('/\\(([^,]+),([^,]+),(\\d+)\\)/', null, [...])
 2 SYSTEMPATH\CodeIgniter.php(934): App\Controllers\Recits->view('59')
 3 SYSTEMPATH\CodeIgniter.php(499): CodeIgniter\CodeIgniter->runController(Object(App\Controllers\Recits))
 4 SYSTEMPATH\CodeIgniter.php(368): CodeIgniter\CodeIgniter->handleRequest(null, Object(Config\Cache), false)
 5 FCPATH\index.php(67): CodeIgniter\CodeIgniter->run()
 6 SYSTEMPATH\Commands\Server\rewrite.php(47): require_once('FCPATH\\index.php')
WARNING - 2023-10-04 13:19:40 --> [DEPRECATED] preg_match_all(): Passing null to parameter #2 ($subject) of type string is deprecated in APPPATH\Controllers\Recits.php on line 40.
 1 APPPATH\Controllers\Recits.php(40): preg_match_all('/\\(([^,]+),([^,]+),(\\d+)\\)/', null, [...])
 2 SYSTEMPATH\CodeIgniter.php(934): App\Controllers\Recits->view('59')
 3 SYSTEMPATH\CodeIgniter.php(499): CodeIgniter\CodeIgniter->runController(Object(App\Controllers\Recits))
 4 SYSTEMPATH\CodeIgniter.php(368): CodeIgniter\CodeIgniter->handleRequest(null, Object(Config\Cache), false)
 5 FCPATH\index.php(67): CodeIgniter\CodeIgniter->run()
 6 SYSTEMPATH\Commands\Server\rewrite.php(47): require_once('FCPATH\\index.php')
CRITICAL - 2023-10-04 13:19:40 --> Undefined array key "api"
in APPPATH\Controllers\Recits.php on line 47.
 1 APPPATH\Controllers\Recits.php(47): CodeIgniter\Debug\Exceptions->errorHandler(2, 'Undefined array key "api"', 'APPPATH\\Controllers\\Recits.php', 47)
 2 SYSTEMPATH\CodeIgniter.php(934): App\Controllers\Recits->view('59')
 3 SYSTEMPATH\CodeIgniter.php(499): CodeIgniter\CodeIgniter->runController(Object(App\Controllers\Recits))
 4 SYSTEMPATH\CodeIgniter.php(368): CodeIgniter\CodeIgniter->handleRequest(null, Object(Config\Cache), false)
 5 FCPATH\index.php(67): CodeIgniter\CodeIgniter->run()
 6 SYSTEMPATH\Commands\Server\rewrite.php(47): require_once('FCPATH\\index.php')
WARNING - 2023-10-04 13:20:10 --> [DEPRECATED] preg_match_all(): Passing null to parameter #2 ($subject) of type string is deprecated in APPPATH\Controllers\Recits.php on line 40.
 1 APPPATH\Controllers\Recits.php(40): preg_match_all('/\\(([^,]+),([^,]+),(\\d+)\\)/', null, [...])
 2 SYSTEMPATH\CodeIgniter.php(934): App\Controllers\Recits->view('59')
 3 SYSTEMPATH\CodeIgniter.php(499): CodeIgniter\CodeIgniter->runController(Object(App\Controllers\Recits))
 4 SYSTEMPATH\CodeIgniter.php(368): CodeIgniter\CodeIgniter->handleRequest(null, Object(Config\Cache), false)
 5 FCPATH\index.php(67): CodeIgniter\CodeIgniter->run()
 6 SYSTEMPATH\Commands\Server\rewrite.php(47): require_once('FCPATH\\index.php')
WARNING - 2023-10-04 13:20:10 --> [DEPRECATED] preg_match_all(): Passing null to parameter #2 ($subject) of type string is deprecated in APPPATH\Controllers\Recits.php on line 40.
 1 APPPATH\Controllers\Recits.php(40): preg_match_all('/\\(([^,]+),([^,]+),(\\d+)\\)/', null, [...])
 2 SYSTEMPATH\CodeIgniter.php(934): App\Controllers\Recits->view('59')
 3 SYSTEMPATH\CodeIgniter.php(499): CodeIgniter\CodeIgniter->runController(Object(App\Controllers\Recits))
 4 SYSTEMPATH\CodeIgniter.php(368): CodeIgniter\CodeIgniter->handleRequest(null, Object(Config\Cache), false)
 5 FCPATH\index.php(67): CodeIgniter\CodeIgniter->run()
 6 SYSTEMPATH\Commands\Server\rewrite.php(47): require_once('FCPATH\\index.php')
WARNING - 2023-10-04 13:20:10 --> [DEPRECATED] preg_match_all(): Passing null to parameter #2 ($subject) of type string is deprecated in APPPATH\Controllers\Recits.php on line 40.
 1 APPPATH\Controllers\Recits.php(40): preg_match_all('/\\(([^,]+),([^,]+),(\\d+)\\)/', null, [...])
 2 SYSTEMPATH\CodeIgniter.php(934): App\Controllers\Recits->view('59')
 3 SYSTEMPATH\CodeIgniter.php(499): CodeIgniter\CodeIgniter->runController(Object(App\Controllers\Recits))
 4 SYSTEMPATH\CodeIgniter.php(368): CodeIgniter\CodeIgniter->handleRequest(null, Object(Config\Cache), false)
 5 FCPATH\index.php(67): CodeIgniter\CodeIgniter->run()
 6 SYSTEMPATH\Commands\Server\rewrite.php(47): require_once('FCPATH\\index.php')
WARNING - 2023-10-04 13:20:10 --> [DEPRECATED] preg_match_all(): Passing null to parameter #2 ($subject) of type string is deprecated in APPPATH\Controllers\Recits.php on line 40.
 1 APPPATH\Controllers\Recits.php(40): preg_match_all('/\\(([^,]+),([^,]+),(\\d+)\\)/', null, [...])
 2 SYSTEMPATH\CodeIgniter.php(934): App\Controllers\Recits->view('59')
 3 SYSTEMPATH\CodeIgniter.php(499): CodeIgniter\CodeIgniter->runController(Object(App\Controllers\Recits))
 4 SYSTEMPATH\CodeIgniter.php(368): CodeIgniter\CodeIgniter->handleRequest(null, Object(Config\Cache), false)
 5 FCPATH\index.php(67): CodeIgniter\CodeIgniter->run()
 6 SYSTEMPATH\Commands\Server\rewrite.php(47): require_once('FCPATH\\index.php')
WARNING - 2023-10-04 13:20:10 --> [DEPRECATED] preg_match_all(): Passing null to parameter #2 ($subject) of type string is deprecated in APPPATH\Controllers\Recits.php on line 40.
 1 APPPATH\Controllers\Recits.php(40): preg_match_all('/\\(([^,]+),([^,]+),(\\d+)\\)/', null, [...])
 2 SYSTEMPATH\CodeIgniter.php(934): App\Controllers\Recits->view('59')
 3 SYSTEMPATH\CodeIgniter.php(499): CodeIgniter\CodeIgniter->runController(Object(App\Controllers\Recits))
 4 SYSTEMPATH\CodeIgniter.php(368): CodeIgniter\CodeIgniter->handleRequest(null, Object(Config\Cache), false)
 5 FCPATH\index.php(67): CodeIgniter\CodeIgniter->run()
 6 SYSTEMPATH\Commands\Server\rewrite.php(47): require_once('FCPATH\\index.php')
WARNING - 2023-10-04 13:20:10 --> [DEPRECATED] preg_match_all(): Passing null to parameter #2 ($subject) of type string is deprecated in APPPATH\Controllers\Recits.php on line 40.
 1 APPPATH\Controllers\Recits.php(40): preg_match_all('/\\(([^,]+),([^,]+),(\\d+)\\)/', null, [...])
 2 SYSTEMPATH\CodeIgniter.php(934): App\Controllers\Recits->view('59')
 3 SYSTEMPATH\CodeIgniter.php(499): CodeIgniter\CodeIgniter->runController(Object(App\Controllers\Recits))
 4 SYSTEMPATH\CodeIgniter.php(368): CodeIgniter\CodeIgniter->handleRequest(null, Object(Config\Cache), false)
 5 FCPATH\index.php(67): CodeIgniter\CodeIgniter->run()
 6 SYSTEMPATH\Commands\Server\rewrite.php(47): require_once('FCPATH\\index.php')
WARNING - 2023-10-04 13:20:10 --> [DEPRECATED] preg_match_all(): Passing null to parameter #2 ($subject) of type string is deprecated in APPPATH\Controllers\Recits.php on line 40.
 1 APPPATH\Controllers\Recits.php(40): preg_match_all('/\\(([^,]+),([^,]+),(\\d+)\\)/', null, [...])
 2 SYSTEMPATH\CodeIgniter.php(934): App\Controllers\Recits->view('59')
 3 SYSTEMPATH\CodeIgniter.php(499): CodeIgniter\CodeIgniter->runController(Object(App\Controllers\Recits))
 4 SYSTEMPATH\CodeIgniter.php(368): CodeIgniter\CodeIgniter->handleRequest(null, Object(Config\Cache), false)
 5 FCPATH\index.php(67): CodeIgniter\CodeIgniter->run()
 6 SYSTEMPATH\Commands\Server\rewrite.php(47): require_once('FCPATH\\index.php')
WARNING - 2023-10-04 13:20:10 --> [DEPRECATED] preg_match_all(): Passing null to parameter #2 ($subject) of type string is deprecated in APPPATH\Controllers\Recits.php on line 40.
 1 APPPATH\Controllers\Recits.php(40): preg_match_all('/\\(([^,]+),([^,]+),(\\d+)\\)/', null, [...])
 2 SYSTEMPATH\CodeIgniter.php(934): App\Controllers\Recits->view('59')
 3 SYSTEMPATH\CodeIgniter.php(499): CodeIgniter\CodeIgniter->runController(Object(App\Controllers\Recits))
 4 SYSTEMPATH\CodeIgniter.php(368): CodeIgniter\CodeIgniter->handleRequest(null, Object(Config\Cache), false)
 5 FCPATH\index.php(67): CodeIgniter\CodeIgniter->run()
 6 SYSTEMPATH\Commands\Server\rewrite.php(47): require_once('FCPATH\\index.php')
WARNING - 2023-10-04 13:20:10 --> [DEPRECATED] preg_match_all(): Passing null to parameter #2 ($subject) of type string is deprecated in APPPATH\Controllers\Recits.php on line 40.
 1 APPPATH\Controllers\Recits.php(40): preg_match_all('/\\(([^,]+),([^,]+),(\\d+)\\)/', null, [...])
 2 SYSTEMPATH\CodeIgniter.php(934): App\Controllers\Recits->view('59')
 3 SYSTEMPATH\CodeIgniter.php(499): CodeIgniter\CodeIgniter->runController(Object(App\Controllers\Recits))
 4 SYSTEMPATH\CodeIgniter.php(368): CodeIgniter\CodeIgniter->handleRequest(null, Object(Config\Cache), false)
 5 FCPATH\index.php(67): CodeIgniter\CodeIgniter->run()
 6 SYSTEMPATH\Commands\Server\rewrite.php(47): require_once('FCPATH\\index.php')
WARNING - 2023-10-04 13:20:10 --> [DEPRECATED] preg_match_all(): Passing null to parameter #2 ($subject) of type string is deprecated in APPPATH\Controllers\Recits.php on line 40.
 1 APPPATH\Controllers\Recits.php(40): preg_match_all('/\\(([^,]+),([^,]+),(\\d+)\\)/', null, [...])
 2 SYSTEMPATH\CodeIgniter.php(934): App\Controllers\Recits->view('59')
 3 SYSTEMPATH\CodeIgniter.php(499): CodeIgniter\CodeIgniter->runController(Object(App\Controllers\Recits))
 4 SYSTEMPATH\CodeIgniter.php(368): CodeIgniter\CodeIgniter->handleRequest(null, Object(Config\Cache), false)
 5 FCPATH\index.php(67): CodeIgniter\CodeIgniter->run()
 6 SYSTEMPATH\Commands\Server\rewrite.php(47): require_once('FCPATH\\index.php')
WARNING - 2023-10-04 13:20:10 --> [DEPRECATED] preg_match_all(): Passing null to parameter #2 ($subject) of type string is deprecated in APPPATH\Controllers\Recits.php on line 40.
 1 APPPATH\Controllers\Recits.php(40): preg_match_all('/\\(([^,]+),([^,]+),(\\d+)\\)/', null, [...])
 2 SYSTEMPATH\CodeIgniter.php(934): App\Controllers\Recits->view('59')
 3 SYSTEMPATH\CodeIgniter.php(499): CodeIgniter\CodeIgniter->runController(Object(App\Controllers\Recits))
 4 SYSTEMPATH\CodeIgniter.php(368): CodeIgniter\CodeIgniter->handleRequest(null, Object(Config\Cache), false)
 5 FCPATH\index.php(67): CodeIgniter\CodeIgniter->run()
 6 SYSTEMPATH\Commands\Server\rewrite.php(47): require_once('FCPATH\\index.php')
WARNING - 2023-10-04 13:20:10 --> [DEPRECATED] preg_match_all(): Passing null to parameter #2 ($subject) of type string is deprecated in APPPATH\Controllers\Recits.php on line 40.
 1 APPPATH\Controllers\Recits.php(40): preg_match_all('/\\(([^,]+),([^,]+),(\\d+)\\)/', null, [...])
 2 SYSTEMPATH\CodeIgniter.php(934): App\Controllers\Recits->view('59')
 3 SYSTEMPATH\CodeIgniter.php(499): CodeIgniter\CodeIgniter->runController(Object(App\Controllers\Recits))
 4 SYSTEMPATH\CodeIgniter.php(368): CodeIgniter\CodeIgniter->handleRequest(null, Object(Config\Cache), false)
 5 FCPATH\index.php(67): CodeIgniter\CodeIgniter->run()
 6 SYSTEMPATH\Commands\Server\rewrite.php(47): require_once('FCPATH\\index.php')
WARNING - 2023-10-04 13:20:10 --> [DEPRECATED] preg_match_all(): Passing null to parameter #2 ($subject) of type string is deprecated in APPPATH\Controllers\Recits.php on line 40.
 1 APPPATH\Controllers\Recits.php(40): preg_match_all('/\\(([^,]+),([^,]+),(\\d+)\\)/', null, [...])
 2 SYSTEMPATH\CodeIgniter.php(934): App\Controllers\Recits->view('59')
 3 SYSTEMPATH\CodeIgniter.php(499): CodeIgniter\CodeIgniter->runController(Object(App\Controllers\Recits))
 4 SYSTEMPATH\CodeIgniter.php(368): CodeIgniter\CodeIgniter->handleRequest(null, Object(Config\Cache), false)
 5 FCPATH\index.php(67): CodeIgniter\CodeIgniter->run()
 6 SYSTEMPATH\Commands\Server\rewrite.php(47): require_once('FCPATH\\index.php')
WARNING - 2023-10-04 13:20:10 --> [DEPRECATED] preg_match_all(): Passing null to parameter #2 ($subject) of type string is deprecated in APPPATH\Controllers\Recits.php on line 40.
 1 APPPATH\Controllers\Recits.php(40): preg_match_all('/\\(([^,]+),([^,]+),(\\d+)\\)/', null, [...])
 2 SYSTEMPATH\CodeIgniter.php(934): App\Controllers\Recits->view('59')
 3 SYSTEMPATH\CodeIgniter.php(499): CodeIgniter\CodeIgniter->runController(Object(App\Controllers\Recits))
 4 SYSTEMPATH\CodeIgniter.php(368): CodeIgniter\CodeIgniter->handleRequest(null, Object(Config\Cache), false)
 5 FCPATH\index.php(67): CodeIgniter\CodeIgniter->run()
 6 SYSTEMPATH\Commands\Server\rewrite.php(47): require_once('FCPATH\\index.php')
WARNING - 2023-10-04 13:20:10 --> [DEPRECATED] preg_match_all(): Passing null to parameter #2 ($subject) of type string is deprecated in APPPATH\Controllers\Recits.php on line 40.
 1 APPPATH\Controllers\Recits.php(40): preg_match_all('/\\(([^,]+),([^,]+),(\\d+)\\)/', null, [...])
 2 SYSTEMPATH\CodeIgniter.php(934): App\Controllers\Recits->view('59')
 3 SYSTEMPATH\CodeIgniter.php(499): CodeIgniter\CodeIgniter->runController(Object(App\Controllers\Recits))
 4 SYSTEMPATH\CodeIgniter.php(368): CodeIgniter\CodeIgniter->handleRequest(null, Object(Config\Cache), false)
 5 FCPATH\index.php(67): CodeIgniter\CodeIgniter->run()
 6 SYSTEMPATH\Commands\Server\rewrite.php(47): require_once('FCPATH\\index.php')
WARNING - 2023-10-04 13:20:10 --> [DEPRECATED] preg_match_all(): Passing null to parameter #2 ($subject) of type string is deprecated in APPPATH\Controllers\Recits.php on line 40.
 1 APPPATH\Controllers\Recits.php(40): preg_match_all('/\\(([^,]+),([^,]+),(\\d+)\\)/', null, [...])
 2 SYSTEMPATH\CodeIgniter.php(934): App\Controllers\Recits->view('59')
 3 SYSTEMPATH\CodeIgniter.php(499): CodeIgniter\CodeIgniter->runController(Object(App\Controllers\Recits))
 4 SYSTEMPATH\CodeIgniter.php(368): CodeIgniter\CodeIgniter->handleRequest(null, Object(Config\Cache), false)
 5 FCPATH\index.php(67): CodeIgniter\CodeIgniter->run()
 6 SYSTEMPATH\Commands\Server\rewrite.php(47): require_once('FCPATH\\index.php')
WARNING - 2023-10-04 13:20:10 --> [DEPRECATED] preg_match_all(): Passing null to parameter #2 ($subject) of type string is deprecated in APPPATH\Controllers\Recits.php on line 40.
 1 APPPATH\Controllers\Recits.php(40): preg_match_all('/\\(([^,]+),([^,]+),(\\d+)\\)/', null, [...])
 2 SYSTEMPATH\CodeIgniter.php(934): App\Controllers\Recits->view('59')
 3 SYSTEMPATH\CodeIgniter.php(499): CodeIgniter\CodeIgniter->runController(Object(App\Controllers\Recits))
 4 SYSTEMPATH\CodeIgniter.php(368): CodeIgniter\CodeIgniter->handleRequest(null, Object(Config\Cache), false)
 5 FCPATH\index.php(67): CodeIgniter\CodeIgniter->run()
 6 SYSTEMPATH\Commands\Server\rewrite.php(47): require_once('FCPATH\\index.php')
WARNING - 2023-10-04 13:20:10 --> [DEPRECATED] preg_match_all(): Passing null to parameter #2 ($subject) of type string is deprecated in APPPATH\Controllers\Recits.php on line 40.
 1 APPPATH\Controllers\Recits.php(40): preg_match_all('/\\(([^,]+),([^,]+),(\\d+)\\)/', null, [...])
 2 SYSTEMPATH\CodeIgniter.php(934): App\Controllers\Recits->view('59')
 3 SYSTEMPATH\CodeIgniter.php(499): CodeIgniter\CodeIgniter->runController(Object(App\Controllers\Recits))
 4 SYSTEMPATH\CodeIgniter.php(368): CodeIgniter\CodeIgniter->handleRequest(null, Object(Config\Cache), false)
 5 FCPATH\index.php(67): CodeIgniter\CodeIgniter->run()
 6 SYSTEMPATH\Commands\Server\rewrite.php(47): require_once('FCPATH\\index.php')
WARNING - 2023-10-04 13:20:10 --> [DEPRECATED] preg_match_all(): Passing null to parameter #2 ($subject) of type string is deprecated in APPPATH\Controllers\Recits.php on line 40.
 1 APPPATH\Controllers\Recits.php(40): preg_match_all('/\\(([^,]+),([^,]+),(\\d+)\\)/', null, [...])
 2 SYSTEMPATH\CodeIgniter.php(934): App\Controllers\Recits->view('59')
 3 SYSTEMPATH\CodeIgniter.php(499): CodeIgniter\CodeIgniter->runController(Object(App\Controllers\Recits))
 4 SYSTEMPATH\CodeIgniter.php(368): CodeIgniter\CodeIgniter->handleRequest(null, Object(Config\Cache), false)
 5 FCPATH\index.php(67): CodeIgniter\CodeIgniter->run()
 6 SYSTEMPATH\Commands\Server\rewrite.php(47): require_once('FCPATH\\index.php')
WARNING - 2023-10-04 13:20:10 --> [DEPRECATED] preg_match_all(): Passing null to parameter #2 ($subject) of type string is deprecated in APPPATH\Controllers\Recits.php on line 40.
 1 APPPATH\Controllers\Recits.php(40): preg_match_all('/\\(([^,]+),([^,]+),(\\d+)\\)/', null, [...])
 2 SYSTEMPATH\CodeIgniter.php(934): App\Controllers\Recits->view('59')
 3 SYSTEMPATH\CodeIgniter.php(499): CodeIgniter\CodeIgniter->runController(Object(App\Controllers\Recits))
 4 SYSTEMPATH\CodeIgniter.php(368): CodeIgniter\CodeIgniter->handleRequest(null, Object(Config\Cache), false)
 5 FCPATH\index.php(67): CodeIgniter\CodeIgniter->run()
 6 SYSTEMPATH\Commands\Server\rewrite.php(47): require_once('FCPATH\\index.php')
WARNING - 2023-10-04 13:20:10 --> [DEPRECATED] preg_match_all(): Passing null to parameter #2 ($subject) of type string is deprecated in APPPATH\Controllers\Recits.php on line 40.
 1 APPPATH\Controllers\Recits.php(40): preg_match_all('/\\(([^,]+),([^,]+),(\\d+)\\)/', null, [...])
 2 SYSTEMPATH\CodeIgniter.php(934): App\Controllers\Recits->view('59')
 3 SYSTEMPATH\CodeIgniter.php(499): CodeIgniter\CodeIgniter->runController(Object(App\Controllers\Recits))
 4 SYSTEMPATH\CodeIgniter.php(368): CodeIgniter\CodeIgniter->handleRequest(null, Object(Config\Cache), false)
 5 FCPATH\index.php(67): CodeIgniter\CodeIgniter->run()
 6 SYSTEMPATH\Commands\Server\rewrite.php(47): require_once('FCPATH\\index.php')
WARNING - 2023-10-04 13:20:10 --> [DEPRECATED] preg_match_all(): Passing null to parameter #2 ($subject) of type string is deprecated in APPPATH\Controllers\Recits.php on line 40.
 1 APPPATH\Controllers\Recits.php(40): preg_match_all('/\\(([^,]+),([^,]+),(\\d+)\\)/', null, [...])
 2 SYSTEMPATH\CodeIgniter.php(934): App\Controllers\Recits->view('59')
 3 SYSTEMPATH\CodeIgniter.php(499): CodeIgniter\CodeIgniter->runController(Object(App\Controllers\Recits))
 4 SYSTEMPATH\CodeIgniter.php(368): CodeIgniter\CodeIgniter->handleRequest(null, Object(Config\Cache), false)
 5 FCPATH\index.php(67): CodeIgniter\CodeIgniter->run()
 6 SYSTEMPATH\Commands\Server\rewrite.php(47): require_once('FCPATH\\index.php')
WARNING - 2023-10-04 13:20:10 --> [DEPRECATED] preg_match_all(): Passing null to parameter #2 ($subject) of type string is deprecated in APPPATH\Controllers\Recits.php on line 40.
 1 APPPATH\Controllers\Recits.php(40): preg_match_all('/\\(([^,]+),([^,]+),(\\d+)\\)/', null, [...])
 2 SYSTEMPATH\CodeIgniter.php(934): App\Controllers\Recits->view('59')
 3 SYSTEMPATH\CodeIgniter.php(499): CodeIgniter\CodeIgniter->runController(Object(App\Controllers\Recits))
 4 SYSTEMPATH\CodeIgniter.php(368): CodeIgniter\CodeIgniter->handleRequest(null, Object(Config\Cache), false)
 5 FCPATH\index.php(67): CodeIgniter\CodeIgniter->run()
 6 SYSTEMPATH\Commands\Server\rewrite.php(47): require_once('FCPATH\\index.php')
WARNING - 2023-10-04 13:20:10 --> [DEPRECATED] preg_match_all(): Passing null to parameter #2 ($subject) of type string is deprecated in APPPATH\Controllers\Recits.php on line 40.
 1 APPPATH\Controllers\Recits.php(40): preg_match_all('/\\(([^,]+),([^,]+),(\\d+)\\)/', null, [...])
 2 SYSTEMPATH\CodeIgniter.php(934): App\Controllers\Recits->view('59')
 3 SYSTEMPATH\CodeIgniter.php(499): CodeIgniter\CodeIgniter->runController(Object(App\Controllers\Recits))
 4 SYSTEMPATH\CodeIgniter.php(368): CodeIgniter\CodeIgniter->handleRequest(null, Object(Config\Cache), false)
 5 FCPATH\index.php(67): CodeIgniter\CodeIgniter->run()
 6 SYSTEMPATH\Commands\Server\rewrite.php(47): require_once('FCPATH\\index.php')
WARNING - 2023-10-04 13:20:10 --> [DEPRECATED] preg_match_all(): Passing null to parameter #2 ($subject) of type string is deprecated in APPPATH\Controllers\Recits.php on line 40.
 1 APPPATH\Controllers\Recits.php(40): preg_match_all('/\\(([^,]+),([^,]+),(\\d+)\\)/', null, [...])
 2 SYSTEMPATH\CodeIgniter.php(934): App\Controllers\Recits->view('59')
 3 SYSTEMPATH\CodeIgniter.php(499): CodeIgniter\CodeIgniter->runController(Object(App\Controllers\Recits))
 4 SYSTEMPATH\CodeIgniter.php(368): CodeIgniter\CodeIgniter->handleRequest(null, Object(Config\Cache), false)
 5 FCPATH\index.php(67): CodeIgniter\CodeIgniter->run()
 6 SYSTEMPATH\Commands\Server\rewrite.php(47): require_once('FCPATH\\index.php')
WARNING - 2023-10-04 13:20:10 --> [DEPRECATED] preg_match_all(): Passing null to parameter #2 ($subject) of type string is deprecated in APPPATH\Controllers\Recits.php on line 40.
 1 APPPATH\Controllers\Recits.php(40): preg_match_all('/\\(([^,]+),([^,]+),(\\d+)\\)/', null, [...])
 2 SYSTEMPATH\CodeIgniter.php(934): App\Controllers\Recits->view('59')
 3 SYSTEMPATH\CodeIgniter.php(499): CodeIgniter\CodeIgniter->runController(Object(App\Controllers\Recits))
 4 SYSTEMPATH\CodeIgniter.php(368): CodeIgniter\CodeIgniter->handleRequest(null, Object(Config\Cache), false)
 5 FCPATH\index.php(67): CodeIgniter\CodeIgniter->run()
 6 SYSTEMPATH\Commands\Server\rewrite.php(47): require_once('FCPATH\\index.php')
WARNING - 2023-10-04 13:20:10 --> [DEPRECATED] preg_match_all(): Passing null to parameter #2 ($subject) of type string is deprecated in APPPATH\Controllers\Recits.php on line 40.
 1 APPPATH\Controllers\Recits.php(40): preg_match_all('/\\(([^,]+),([^,]+),(\\d+)\\)/', null, [...])
 2 SYSTEMPATH\CodeIgniter.php(934): App\Controllers\Recits->view('59')
 3 SYSTEMPATH\CodeIgniter.php(499): CodeIgniter\CodeIgniter->runController(Object(App\Controllers\Recits))
 4 SYSTEMPATH\CodeIgniter.php(368): CodeIgniter\CodeIgniter->handleRequest(null, Object(Config\Cache), false)
 5 FCPATH\index.php(67): CodeIgniter\CodeIgniter->run()
 6 SYSTEMPATH\Commands\Server\rewrite.php(47): require_once('FCPATH\\index.php')
INFO - 2023-10-04 13:20:10 --> Session: Class initialized using 'CodeIgniter\Session\Handlers\FileHandler' driver.
INFO - 2023-10-04 13:20:52 --> Session: Class initialized using 'CodeIgniter\Session\Handlers\FileHandler' driver.
INFO - 2023-10-04 13:21:13 --> Session: Class initialized using 'CodeIgniter\Session\Handlers\FileHandler' driver.
CRITICAL - 2023-10-04 13:21:14 --> foreach() argument must be of type array|object, string given
in APPPATH\Views\resclaves\view.php on line 38.
 1 APPPATH\Views\resclaves\view.php(38): CodeIgniter\Debug\Exceptions->errorHandler(2, 'foreach() argument must be of type array|object, string given', 'APPPATH\\Views\\resclaves\\view.php', 38)
 2 SYSTEMPATH\View\View.php(213): include('APPPATH\\Views\\resclaves\\view.php')
 3 SYSTEMPATH\View\View.php(216): CodeIgniter\View\View->CodeIgniter\View\{closure}()
 4 SYSTEMPATH\Common.php(1177): CodeIgniter\View\View->render('resclaves/view', [], true)
 5 APPPATH\Controllers\Recits.php(78): view('resclaves/view', [...])
 6 SYSTEMPATH\CodeIgniter.php(934): App\Controllers\Recits->view('59')
 7 SYSTEMPATH\CodeIgniter.php(499): CodeIgniter\CodeIgniter->runController(Object(App\Controllers\Recits))
 8 SYSTEMPATH\CodeIgniter.php(368): CodeIgniter\CodeIgniter->handleRequest(null, Object(Config\Cache), false)
 9 FCPATH\index.php(67): CodeIgniter\CodeIgniter->run()
10 SYSTEMPATH\Commands\Server\rewrite.php(47): require_once('FCPATH\\index.php')
INFO - 2023-10-04 13:21:32 --> Session: Class initialized using 'CodeIgniter\Session\Handlers\FileHandler' driver.
INFO - 2023-10-04 13:21:47 --> Session: Class initialized using 'CodeIgniter\Session\Handlers\FileHandler' driver.
INFO - 2023-10-04 13:22:00 --> Session: Class initialized using 'CodeIgniter\Session\Handlers\FileHandler' driver.
INFO - 2023-10-04 13:22:23 --> Session: Class initialized using 'CodeIgniter\Session\Handlers\FileHandler' driver.
INFO - 2023-10-04 13:22:49 --> Session: Class initialized using 'CodeIgniter\Session\Handlers\FileHandler' driver.
INFO - 2023-10-04 13:23:27 --> Session: Class initialized using 'CodeIgniter\Session\Handlers\FileHandler' driver.
INFO - 2023-10-04 13:25:35 --> Session: Class initialized using 'CodeIgniter\Session\Handlers\FileHandler' driver.
INFO - 2023-10-04 13:26:30 --> Session: Class initialized using 'CodeIgniter\Session\Handlers\FileHandler' driver.
INFO - 2023-10-04 13:34:23 --> Session: Class initialized using 'CodeIgniter\Session\Handlers\FileHandler' driver.
INFO - 2023-10-04 13:35:35 --> Session: Class initialized using 'CodeIgniter\Session\Handlers\FileHandler' driver.
INFO - 2023-10-04 13:36:26 --> Session: Class initialized using 'CodeIgniter\Session\Handlers\FileHandler' driver.
INFO - 2023-10-04 13:37:20 --> Session: Class initialized using 'CodeIgniter\Session\Handlers\FileHandler' driver.
CRITICAL - 2023-10-04 13:37:26 --> Array to string conversion
in APPPATH\Views\resclaves\view.php on line 39.
 1 APPPATH\Views\resclaves\view.php(39): CodeIgniter\Debug\Exceptions->errorHandler(2, 'Array to string conversion', 'APPPATH\\Views\\resclaves\\view.php', 39)
 2 SYSTEMPATH\View\View.php(213): include('APPPATH\\Views\\resclaves\\view.php')
 3 SYSTEMPATH\View\View.php(216): CodeIgniter\View\View->CodeIgniter\View\{closure}()
 4 SYSTEMPATH\Common.php(1177): CodeIgniter\View\View->render('resclaves/view', [], true)
 5 APPPATH\Controllers\Recits.php(75): view('resclaves/view', [...])
 6 SYSTEMPATH\CodeIgniter.php(934): App\Controllers\Recits->view('59')
 7 SYSTEMPATH\CodeIgniter.php(499): CodeIgniter\CodeIgniter->runController(Object(App\Controllers\Recits))
 8 SYSTEMPATH\CodeIgniter.php(368): CodeIgniter\CodeIgniter->handleRequest(null, Object(Config\Cache), false)
 9 FCPATH\index.php(67): CodeIgniter\CodeIgniter->run()
10 SYSTEMPATH\Commands\Server\rewrite.php(47): require_once('FCPATH\\index.php')
INFO - 2023-10-04 13:37:46 --> Session: Class initialized using 'CodeIgniter\Session\Handlers\FileHandler' driver.
INFO - 2023-10-04 13:38:28 --> Session: Class initialized using 'CodeIgniter\Session\Handlers\FileHandler' driver.
INFO - 2023-10-04 13:38:45 --> Session: Class initialized using 'CodeIgniter\Session\Handlers\FileHandler' driver.
INFO - 2023-10-04 13:39:28 --> Session: Class initialized using 'CodeIgniter\Session\Handlers\FileHandler' driver.
CRITICAL - 2023-10-04 13:39:30 --> Array to string conversion
in APPPATH\Views\resclaves\view.php on line 39.
 1 APPPATH\Views\resclaves\view.php(39): CodeIgniter\Debug\Exceptions->errorHandler(2, 'Array to string conversion', 'APPPATH\\Views\\resclaves\\view.php', 39)
 2 SYSTEMPATH\View\View.php(213): include('APPPATH\\Views\\resclaves\\view.php')
 3 SYSTEMPATH\View\View.php(216): CodeIgniter\View\View->CodeIgniter\View\{closure}()
 4 SYSTEMPATH\Common.php(1177): CodeIgniter\View\View->render('resclaves/view', [], true)
 5 APPPATH\Controllers\Recits.php(75): view('resclaves/view', [...])
 6 SYSTEMPATH\CodeIgniter.php(934): App\Controllers\Recits->view('59')
 7 SYSTEMPATH\CodeIgniter.php(499): CodeIgniter\CodeIgniter->runController(Object(App\Controllers\Recits))
 8 SYSTEMPATH\CodeIgniter.php(368): CodeIgniter\CodeIgniter->handleRequest(null, Object(Config\Cache), false)
 9 FCPATH\index.php(67): CodeIgniter\CodeIgniter->run()
10 SYSTEMPATH\Commands\Server\rewrite.php(47): require_once('FCPATH\\index.php')
INFO - 2023-10-04 13:39:40 --> Session: Class initialized using 'CodeIgniter\Session\Handlers\FileHandler' driver.
INFO - 2023-10-04 13:42:47 --> Session: Class initialized using 'CodeIgniter\Session\Handlers\FileHandler' driver.
INFO - 2023-10-04 13:43:41 --> Session: Class initialized using 'CodeIgniter\Session\Handlers\FileHandler' driver.
INFO - 2023-10-04 13:43:46 --> Session: Class initialized using 'CodeIgniter\Session\Handlers\FileHandler' driver.
INFO - 2023-10-04 13:46:05 --> Session: Class initialized using 'CodeIgniter\Session\Handlers\FileHandler' driver.
INFO - 2023-10-04 13:46:30 --> Session: Class initialized using 'CodeIgniter\Session\Handlers\FileHandler' driver.
INFO - 2023-10-04 13:46:45 --> Session: Class initialized using 'CodeIgniter\Session\Handlers\FileHandler' driver.
INFO - 2023-10-04 13:47:34 --> Session: Class initialized using 'CodeIgniter\Session\Handlers\FileHandler' driver.
INFO - 2023-10-04 13:50:21 --> Session: Class initialized using 'CodeIgniter\Session\Handlers\FileHandler' driver.
INFO - 2023-10-04 13:50:37 --> Session: Class initialized using 'CodeIgniter\Session\Handlers\FileHandler' driver.
INFO - 2023-10-04 13:50:39 --> Session: Class initialized using 'CodeIgniter\Session\Handlers\FileHandler' driver.
INFO - 2023-10-04 13:52:18 --> Session: Class initialized using 'CodeIgniter\Session\Handlers\FileHandler' driver.
INFO - 2023-10-04 13:55:37 --> Session: Class initialized using 'CodeIgniter\Session\Handlers\FileHandler' driver.
INFO - 2023-10-04 13:55:57 --> Session: Class initialized using 'CodeIgniter\Session\Handlers\FileHandler' driver.
INFO - 2023-10-04 13:59:10 --> Session: Class initialized using 'CodeIgniter\Session\Handlers\FileHandler' driver.
CRITICAL - 2023-10-04 13:59:10 --> Undefined variable $list
in APPPATH\Views\resclaves\view.php on line 119.
 1 APPPATH\Views\resclaves\view.php(119): CodeIgniter\Debug\Exceptions->errorHandler(2, 'Undefined variable $list', 'APPPATH\\Views\\resclaves\\view.php', 119)
 2 SYSTEMPATH\View\View.php(213): include('APPPATH\\Views\\resclaves\\view.php')
 3 SYSTEMPATH\View\View.php(216): CodeIgniter\View\View->CodeIgniter\View\{closure}()
 4 SYSTEMPATH\Common.php(1177): CodeIgniter\View\View->render('resclaves/view', [], true)
 5 APPPATH\Controllers\Recits.php(67): view('resclaves/view', [...])
 6 SYSTEMPATH\CodeIgniter.php(934): App\Controllers\Recits->view('59')
 7 SYSTEMPATH\CodeIgniter.php(499): CodeIgniter\CodeIgniter->runController(Object(App\Controllers\Recits))
 8 SYSTEMPATH\CodeIgniter.php(368): CodeIgniter\CodeIgniter->handleRequest(null, Object(Config\Cache), false)
 9 FCPATH\index.php(67): CodeIgniter\CodeIgniter->run()
10 SYSTEMPATH\Commands\Server\rewrite.php(47): require_once('FCPATH\\index.php')
INFO - 2023-10-04 13:59:49 --> Session: Class initialized using 'CodeIgniter\Session\Handlers\FileHandler' driver.
INFO - 2023-10-04 14:08:37 --> Session: Class initialized using 'CodeIgniter\Session\Handlers\FileHandler' driver.
INFO - 2023-10-04 14:08:47 --> Session: Class initialized using 'CodeIgniter\Session\Handlers\FileHandler' driver.
INFO - 2023-10-04 14:09:01 --> Session: Class initialized using 'CodeIgniter\Session\Handlers\FileHandler' driver.
INFO - 2023-10-04 14:09:09 --> Session: Class initialized using 'CodeIgniter\Session\Handlers\FileHandler' driver.
INFO - 2023-10-04 14:13:50 --> Session: Class initialized using 'CodeIgniter\Session\Handlers\FileHandler' driver.
INFO - 2023-10-04 14:14:13 --> Session: Class initialized using 'CodeIgniter\Session\Handlers\FileHandler' driver.
INFO - 2023-10-04 14:14:31 --> Session: Class initialized using 'CodeIgniter\Session\Handlers\FileHandler' driver.
INFO - 2023-10-04 14:15:06 --> Session: Class initialized using 'CodeIgniter\Session\Handlers\FileHandler' driver.
INFO - 2023-10-04 14:15:08 --> Session: Class initialized using 'CodeIgniter\Session\Handlers\FileHandler' driver.
INFO - 2023-10-04 14:15:10 --> Session: Class initialized using 'CodeIgniter\Session\Handlers\FileHandler' driver.
INFO - 2023-10-04 14:15:11 --> Session: Class initialized using 'CodeIgniter\Session\Handlers\FileHandler' driver.
INFO - 2023-10-04 14:15:35 --> Session: Class initialized using 'CodeIgniter\Session\Handlers\FileHandler' driver.
CRITICAL - 2023-10-04 14:15:36 --> foreach() argument must be of type array|object, string given
in APPPATH\Views\resclaves\view.php on line 47.
 1 APPPATH\Views\resclaves\view.php(47): CodeIgniter\Debug\Exceptions->errorHandler(2, 'foreach() argument must be of type array|object, string given', 'APPPATH\\Views\\resclaves\\view.php', 47)
 2 SYSTEMPATH\View\View.php(213): include('APPPATH\\Views\\resclaves\\view.php')
 3 SYSTEMPATH\View\View.php(216): CodeIgniter\View\View->CodeIgniter\View\{closure}()
 4 SYSTEMPATH\Common.php(1177): CodeIgniter\View\View->render('resclaves/view', [], true)
 5 APPPATH\Controllers\Recits.php(74): view('resclaves/view', [...])
 6 SYSTEMPATH\CodeIgniter.php(934): App\Controllers\Recits->view('59')
 7 SYSTEMPATH\CodeIgniter.php(499): CodeIgniter\CodeIgniter->runController(Object(App\Controllers\Recits))
 8 SYSTEMPATH\CodeIgniter.php(368): CodeIgniter\CodeIgniter->handleRequest(null, Object(Config\Cache), false)
 9 FCPATH\index.php(67): CodeIgniter\CodeIgniter->run()
10 SYSTEMPATH\Commands\Server\rewrite.php(47): require_once('FCPATH\\index.php')
INFO - 2023-10-04 14:16:04 --> Session: Class initialized using 'CodeIgniter\Session\Handlers\FileHandler' driver.
INFO - 2023-10-04 14:17:56 --> Session: Class initialized using 'CodeIgniter\Session\Handlers\FileHandler' driver.
CRITICAL - 2023-10-04 14:17:57 --> Array to string conversion
in APPPATH\Views\resclaves\view.php on line 46.
 1 APPPATH\Views\resclaves\view.php(46): CodeIgniter\Debug\Exceptions->errorHandler(2, 'Array to string conversion', 'APPPATH\\Views\\resclaves\\view.php', 46)
 2 SYSTEMPATH\View\View.php(213): include('APPPATH\\Views\\resclaves\\view.php')
 3 SYSTEMPATH\View\View.php(216): CodeIgniter\View\View->CodeIgniter\View\{closure}()
 4 SYSTEMPATH\Common.php(1177): CodeIgniter\View\View->render('resclaves/view', [], true)
 5 APPPATH\Controllers\Recits.php(72): view('resclaves/view', [...])
 6 SYSTEMPATH\CodeIgniter.php(934): App\Controllers\Recits->view('59')
 7 SYSTEMPATH\CodeIgniter.php(499): CodeIgniter\CodeIgniter->runController(Object(App\Controllers\Recits))
 8 SYSTEMPATH\CodeIgniter.php(368): CodeIgniter\CodeIgniter->handleRequest(null, Object(Config\Cache), false)
 9 FCPATH\index.php(67): CodeIgniter\CodeIgniter->run()
10 SYSTEMPATH\Commands\Server\rewrite.php(47): require_once('FCPATH\\index.php')
INFO - 2023-10-04 14:18:09 --> Session: Class initialized using 'CodeIgniter\Session\Handlers\FileHandler' driver.
CRITICAL - 2023-10-04 14:27:32 --> Undefined variable $valeur
in APPPATH\Controllers\Recits.php on line 50.
 1 APPPATH\Controllers\Recits.php(50): CodeIgniter\Debug\Exceptions->errorHandler(2, 'Undefined variable $valeur', 'APPPATH\\Controllers\\Recits.php', 50)
 2 SYSTEMPATH\CodeIgniter.php(934): App\Controllers\Recits->view('59')
 3 SYSTEMPATH\CodeIgniter.php(499): CodeIgniter\CodeIgniter->runController(Object(App\Controllers\Recits))
 4 SYSTEMPATH\CodeIgniter.php(368): CodeIgniter\CodeIgniter->handleRequest(null, Object(Config\Cache), false)
 5 FCPATH\index.php(67): CodeIgniter\CodeIgniter->run()
 6 SYSTEMPATH\Commands\Server\rewrite.php(47): require_once('FCPATH\\index.php')
CRITICAL - 2023-10-04 14:27:59 --> Undefined variable $valeur
in APPPATH\Controllers\Recits.php on line 52.
 1 APPPATH\Controllers\Recits.php(52): CodeIgniter\Debug\Exceptions->errorHandler(2, 'Undefined variable $valeur', 'APPPATH\\Controllers\\Recits.php', 52)
 2 [internal function]: App\Controllers\Recits->App\Controllers\{closure}([...])
 3 APPPATH\Controllers\Recits.php(50): preg_replace_callback('/[()]/', Object(Closure), '(Admin,Kumbh Mela,300) est non en faite c\'est (Yanis,Mouha,200)')
 4 SYSTEMPATH\CodeIgniter.php(934): App\Controllers\Recits->view('59')
 5 SYSTEMPATH\CodeIgniter.php(499): CodeIgniter\CodeIgniter->runController(Object(App\Controllers\Recits))
 6 SYSTEMPATH\CodeIgniter.php(368): CodeIgniter\CodeIgniter->handleRequest(null, Object(Config\Cache), false)
 7 FCPATH\index.php(67): CodeIgniter\CodeIgniter->run()
 8 SYSTEMPATH\Commands\Server\rewrite.php(47): require_once('FCPATH\\index.php')
CRITICAL - 2023-10-04 14:28:10 --> Array to string conversion
in APPPATH\Controllers\Recits.php on line 52.
 1 APPPATH\Controllers\Recits.php(52): CodeIgniter\Debug\Exceptions->errorHandler(2, 'Array to string conversion', 'APPPATH\\Controllers\\Recits.php', 52)
 2 [internal function]: App\Controllers\Recits->App\Controllers\{closure}([...])
 3 APPPATH\Controllers\Recits.php(50): preg_replace_callback('/[()]/', Object(Closure), '(Admin,Kumbh Mela,300) est non en faite c\'est (Yanis,Mouha,200)')
 4 SYSTEMPATH\CodeIgniter.php(934): App\Controllers\Recits->view('59')
 5 SYSTEMPATH\CodeIgniter.php(499): CodeIgniter\CodeIgniter->runController(Object(App\Controllers\Recits))
 6 SYSTEMPATH\CodeIgniter.php(368): CodeIgniter\CodeIgniter->handleRequest(null, Object(Config\Cache), false)
 7 FCPATH\index.php(67): CodeIgniter\CodeIgniter->run()
 8 SYSTEMPATH\Commands\Server\rewrite.php(47): require_once('FCPATH\\index.php')
INFO - 2023-10-04 14:29:14 --> Session: Class initialized using 'CodeIgniter\Session\Handlers\FileHandler' driver.
INFO - 2023-10-04 14:30:07 --> Session: Class initialized using 'CodeIgniter\Session\Handlers\FileHandler' driver.
INFO - 2023-10-04 14:33:48 --> Session: Class initialized using 'CodeIgniter\Session\Handlers\FileHandler' driver.
INFO - 2023-10-04 14:34:22 --> Session: Class initialized using 'CodeIgniter\Session\Handlers\FileHandler' driver.
INFO - 2023-10-04 14:38:04 --> Session: Class initialized using 'CodeIgniter\Session\Handlers\FileHandler' driver.
INFO - 2023-10-04 14:38:06 --> Session: Class initialized using 'CodeIgniter\Session\Handlers\FileHandler' driver.
INFO - 2023-10-04 14:38:08 --> Session: Class initialized using 'CodeIgniter\Session\Handlers\FileHandler' driver.
CRITICAL - 2023-10-04 14:38:09 --> Undefined variable $valeur
in APPPATH\Views\resclaves\view.php on line 46.
 1 APPPATH\Views\resclaves\view.php(46): CodeIgniter\Debug\Exceptions->errorHandler(2, 'Undefined variable $valeur', 'APPPATH\\Views\\resclaves\\view.php', 46)
 2 SYSTEMPATH\View\View.php(213): include('APPPATH\\Views\\resclaves\\view.php')
 3 SYSTEMPATH\View\View.php(216): CodeIgniter\View\View->CodeIgniter\View\{closure}()
 4 SYSTEMPATH\Common.php(1177): CodeIgniter\View\View->render('resclaves/view', [], true)
 5 APPPATH\Controllers\Recits.php(72): view('resclaves/view', [...])
 6 SYSTEMPATH\CodeIgniter.php(934): App\Controllers\Recits->view('59')
 7 SYSTEMPATH\CodeIgniter.php(499): CodeIgniter\CodeIgniter->runController(Object(App\Controllers\Recits))
 8 SYSTEMPATH\CodeIgniter.php(368): CodeIgniter\CodeIgniter->handleRequest(null, Object(Config\Cache), false)
 9 FCPATH\index.php(67): CodeIgniter\CodeIgniter->run()
10 SYSTEMPATH\Commands\Server\rewrite.php(47): require_once('FCPATH\\index.php')
INFO - 2023-10-04 14:38:25 --> Session: Class initialized using 'CodeIgniter\Session\Handlers\FileHandler' driver.
INFO - 2023-10-04 14:43:39 --> Session: Class initialized using 'CodeIgniter\Session\Handlers\FileHandler' driver.
INFO - 2023-10-04 14:43:40 --> Session: Class initialized using 'CodeIgniter\Session\Handlers\FileHandler' driver.
INFO - 2023-10-04 14:50:34 --> Session: Class initialized using 'CodeIgniter\Session\Handlers\FileHandler' driver.
INFO - 2023-10-04 14:50:46 --> Session: Class initialized using 'CodeIgniter\Session\Handlers\FileHandler' driver.
INFO - 2023-10-04 14:52:05 --> Session: Class initialized using 'CodeIgniter\Session\Handlers\FileHandler' driver.
INFO - 2023-10-04 14:52:56 --> Session: Class initialized using 'CodeIgniter\Session\Handlers\FileHandler' driver.
INFO - 2023-10-04 14:54:26 --> Session: Class initialized using 'CodeIgniter\Session\Handlers\FileHandler' driver.
INFO - 2023-10-04 14:55:13 --> Session: Class initialized using 'CodeIgniter\Session\Handlers\FileHandler' driver.
INFO - 2023-10-04 14:58:00 --> Session: Class initialized using 'CodeIgniter\Session\Handlers\FileHandler' driver.
INFO - 2023-10-04 15:10:48 --> Session: Class initialized using 'CodeIgniter\Session\Handlers\FileHandler' driver.
INFO - 2023-10-04 15:11:43 --> Session: Class initialized using 'CodeIgniter\Session\Handlers\FileHandler' driver.
