INFO - 2023-10-06 09:47:01 --> Session: Class initialized using 'CodeIgniter\Session\Handlers\FileHandler' driver.
INFO - 2023-10-06 09:49:27 --> Session: Class initialized using 'CodeIgniter\Session\Handlers\FileHandler' driver.
INFO - 2023-10-06 09:49:29 --> Session: Class initialized using 'CodeIgniter\Session\Handlers\FileHandler' driver.
CRITICAL - 2023-10-06 09:49:34 --> Undefined variable $data
in APPPATH\Views\resclaves\view.php on line 122.
 1 APPPATH\Views\resclaves\view.php(122): CodeIgniter\Debug\Exceptions->errorHandler(2, 'Undefined variable $data', 'APPPATH\\Views\\resclaves\\view.php', 122)
 2 SYSTEMPATH\View\View.php(213): include('APPPATH\\Views\\resclaves\\view.php')
 3 SYSTEMPATH\View\View.php(216): CodeIgniter\View\View->CodeIgniter\View\{closure}()
 4 SYSTEMPATH\Common.php(1177): CodeIgniter\View\View->render('resclaves/view', [], true)
 5 APPPATH\Controllers\Recits.php(94): view('resclaves/view', [...])
 6 SYSTEMPATH\CodeIgniter.php(934): App\Controllers\Recits->view('59')
 7 SYSTEMPATH\CodeIgniter.php(499): CodeIgniter\CodeIgniter->runController(Object(App\Controllers\Recits))
 8 SYSTEMPATH\CodeIgniter.php(368): CodeIgniter\CodeIgniter->handleRequest(null, Object(Config\Cache), false)
 9 FCPATH\index.php(67): CodeIgniter\CodeIgniter->run()
10 SYSTEMPATH\Commands\Server\rewrite.php(47): require_once('FCPATH\\index.php')
INFO - 2023-10-06 09:50:18 --> Session: Class initialized using 'CodeIgniter\Session\Handlers\FileHandler' driver.
INFO - 2023-10-06 09:50:53 --> Session: Class initialized using 'CodeIgniter\Session\Handlers\FileHandler' driver.
INFO - 2023-10-06 09:50:57 --> Session: Class initialized using 'CodeIgniter\Session\Handlers\FileHandler' driver.
INFO - 2023-10-06 09:51:04 --> Session: Class initialized using 'CodeIgniter\Session\Handlers\FileHandler' driver.
INFO - 2023-10-06 09:51:20 --> Session: Class initialized using 'CodeIgniter\Session\Handlers\FileHandler' driver.
INFO - 2023-10-06 09:51:21 --> Session: Class initialized using 'CodeIgniter\Session\Handlers\FileHandler' driver.
INFO - 2023-10-06 09:51:27 --> Session: Class initialized using 'CodeIgniter\Session\Handlers\FileHandler' driver.
INFO - 2023-10-06 09:52:05 --> Session: Class initialized using 'CodeIgniter\Session\Handlers\FileHandler' driver.
INFO - 2023-10-06 09:52:10 --> Session: Class initialized using 'CodeIgniter\Session\Handlers\FileHandler' driver.
INFO - 2023-10-06 09:53:21 --> Session: Class initialized using 'CodeIgniter\Session\Handlers\FileHandler' driver.
INFO - 2023-10-06 11:12:57 --> Session: Class initialized using 'CodeIgniter\Session\Handlers\FileHandler' driver.
INFO - 2023-10-06 11:13:57 --> Session: Class initialized using 'CodeIgniter\Session\Handlers\FileHandler' driver.
INFO - 2023-10-06 11:13:58 --> Session: Class initialized using 'CodeIgniter\Session\Handlers\FileHandler' driver.
INFO - 2023-10-06 11:14:38 --> Session: Class initialized using 'CodeIgniter\Session\Handlers\FileHandler' driver.
INFO - 2023-10-06 11:14:53 --> Session: Class initialized using 'CodeIgniter\Session\Handlers\FileHandler' driver.
INFO - 2023-10-06 11:14:53 --> Session: Class initialized using 'CodeIgniter\Session\Handlers\FileHandler' driver.
INFO - 2023-10-06 11:14:58 --> Session: Class initialized using 'CodeIgniter\Session\Handlers\FileHandler' driver.
INFO - 2023-10-06 11:15:19 --> Session: Class initialized using 'CodeIgniter\Session\Handlers\FileHandler' driver.
INFO - 2023-10-06 11:15:30 --> Session: Class initialized using 'CodeIgniter\Session\Handlers\FileHandler' driver.
INFO - 2023-10-06 11:15:34 --> Session: Class initialized using 'CodeIgniter\Session\Handlers\FileHandler' driver.
INFO - 2023-10-06 11:15:42 --> Session: Class initialized using 'CodeIgniter\Session\Handlers\FileHandler' driver.
INFO - 2023-10-06 11:15:46 --> Session: Class initialized using 'CodeIgniter\Session\Handlers\FileHandler' driver.
INFO - 2023-10-06 11:15:49 --> Session: Class initialized using 'CodeIgniter\Session\Handlers\FileHandler' driver.
INFO - 2023-10-06 11:15:55 --> Session: Class initialized using 'CodeIgniter\Session\Handlers\FileHandler' driver.
INFO - 2023-10-06 11:15:58 --> Session: Class initialized using 'CodeIgniter\Session\Handlers\FileHandler' driver.
INFO - 2023-10-06 12:59:43 --> Session: Class initialized using 'CodeIgniter\Session\Handlers\FileHandler' driver.
INFO - 2023-10-06 12:59:48 --> Session: Class initialized using 'CodeIgniter\Session\Handlers\FileHandler' driver.
INFO - 2023-10-06 13:00:35 --> Session: Class initialized using 'CodeIgniter\Session\Handlers\FileHandler' driver.
INFO - 2023-10-06 13:00:38 --> Session: Class initialized using 'CodeIgniter\Session\Handlers\FileHandler' driver.
INFO - 2023-10-06 13:00:55 --> Session: Class initialized using 'CodeIgniter\Session\Handlers\FileHandler' driver.
INFO - 2023-10-06 13:01:17 --> Session: Class initialized using 'CodeIgniter\Session\Handlers\FileHandler' driver.
INFO - 2023-10-06 13:01:58 --> Session: Class initialized using 'CodeIgniter\Session\Handlers\FileHandler' driver.
INFO - 2023-10-06 13:02:02 --> Session: Class initialized using 'CodeIgniter\Session\Handlers\FileHandler' driver.
INFO - 2023-10-06 13:02:15 --> Session: Class initialized using 'CodeIgniter\Session\Handlers\FileHandler' driver.
INFO - 2023-10-06 13:02:25 --> Session: Class initialized using 'CodeIgniter\Session\Handlers\FileHandler' driver.
INFO - 2023-10-06 13:02:32 --> Session: Class initialized using 'CodeIgniter\Session\Handlers\FileHandler' driver.
INFO - 2023-10-06 13:02:46 --> Session: Class initialized using 'CodeIgniter\Session\Handlers\FileHandler' driver.
INFO - 2023-10-06 13:02:52 --> Session: Class initialized using 'CodeIgniter\Session\Handlers\FileHandler' driver.
INFO - 2023-10-06 13:02:59 --> Session: Class initialized using 'CodeIgniter\Session\Handlers\FileHandler' driver.
INFO - 2023-10-06 13:03:01 --> Session: Class initialized using 'CodeIgniter\Session\Handlers\FileHandler' driver.
INFO - 2023-10-06 13:03:13 --> Session: Class initialized using 'CodeIgniter\Session\Handlers\FileHandler' driver.
INFO - 2023-10-06 13:03:15 --> Session: Class initialized using 'CodeIgniter\Session\Handlers\FileHandler' driver.
INFO - 2023-10-06 13:03:20 --> Session: Class initialized using 'CodeIgniter\Session\Handlers\FileHandler' driver.
CRITICAL - 2023-10-06 13:44:52 --> Cache unable to write to "/home/james/Bureau/SlaveNarrativesSAE-1/CodeSource/Web/Version4.0/racine_recits_esclave/racine/writable/cache/".
in SYSTEMPATH/Cache/Handlers/FileHandler.php on line 62.
 1 SYSTEMPATH/Cache/Handlers/FileHandler.php(62): CodeIgniter\Cache\Exceptions\CacheException::forUnableToWrite()
 2 SYSTEMPATH/Cache/CacheFactory.php(60): CodeIgniter\Cache\Handlers\FileHandler->__construct()
 3 SYSTEMPATH/Config/Services.php(115): CodeIgniter\Cache\CacheFactory::getHandler()
 4 SYSTEMPATH/Config/BaseService.php(252): CodeIgniter\Config\Services::cache()
 5 SYSTEMPATH/Config/BaseService.php(193): CodeIgniter\Config\BaseService::__callStatic()
 6 SYSTEMPATH/Config/Services.php(110): CodeIgniter\Config\BaseService::getSharedInstance()
 7 SYSTEMPATH/Config/BaseService.php(252): CodeIgniter\Config\Services::cache()
 8 SYSTEMPATH/Common.php(72): CodeIgniter\Config\BaseService::__callStatic()
 9 SYSTEMPATH/CodeIgniter.php(696): cache()
10 SYSTEMPATH/CodeIgniter.php(355): CodeIgniter\CodeIgniter->displayCache()
11 FCPATH/index.php(67): CodeIgniter\CodeIgniter->run()
12 SYSTEMPATH/Commands/Server/rewrite.php(47): require_once('FCPATH/index.php')
ERROR - 2023-10-06 13:45:45 --> Error connecting to the database: mysqli_sql_exception: Unknown database 'database2' in /home/james/Bureau/SlaveNarrativesSAE-1/CodeSource/Web/Version4.0/racine_recits_esclave/racine/system/Database/MySQLi/Connection.php:174
Stack trace:
#0 /home/james/Bureau/SlaveNarrativesSAE-1/CodeSource/Web/Version4.0/racine_recits_esclave/racine/system/Database/MySQLi/Connection.php(174): mysqli->real_connect()
#1 /home/james/Bureau/SlaveNarrativesSAE-1/CodeSource/Web/Version4.0/racine_recits_esclave/racine/system/Database/BaseConnection.php(391): CodeIgniter\Database\MySQLi\Connection->connect()
#2 /home/james/Bureau/SlaveNarrativesSAE-1/CodeSource/Web/Version4.0/racine_recits_esclave/racine/system/Database/BaseConnection.php(573): CodeIgniter\Database\BaseConnection->initialize()
#3 /home/james/Bureau/SlaveNarrativesSAE-1/CodeSource/Web/Version4.0/racine_recits_esclave/racine/system/Database/BaseBuilder.php(1602): CodeIgniter\Database\BaseConnection->query()
#4 /home/james/Bureau/SlaveNarrativesSAE-1/CodeSource/Web/Version4.0/racine_recits_esclave/racine/system/Model.php(240): CodeIgniter\Database\BaseBuilder->get()
#5 /home/james/Bureau/SlaveNarrativesSAE-1/CodeSource/Web/Version4.0/racine_recits_esclave/racine/system/BaseModel.php(618): CodeIgniter\Model->doFindAll()
#6 /home/james/Bureau/SlaveNarrativesSAE-1/CodeSource/Web/Version4.0/racine_recits_esclave/racine/app/Models/ModelMap.php(19): CodeIgniter\BaseModel->findAll()
#7 /home/james/Bureau/SlaveNarrativesSAE-1/CodeSource/Web/Version4.0/racine_recits_esclave/racine/app/Controllers/Map.php(79): App\Models\ModelMap->getPoints()
#8 /home/james/Bureau/SlaveNarrativesSAE-1/CodeSource/Web/Version4.0/racine_recits_esclave/racine/system/CodeIgniter.php(934): App\Controllers\Map->index()
#9 /home/james/Bureau/SlaveNarrativesSAE-1/CodeSource/Web/Version4.0/racine_recits_esclave/racine/system/CodeIgniter.php(499): CodeIgniter\CodeIgniter->runController()
#10 /home/james/Bureau/SlaveNarrativesSAE-1/CodeSource/Web/Version4.0/racine_recits_esclave/racine/system/CodeIgniter.php(368): CodeIgniter\CodeIgniter->handleRequest()
#11 /home/james/Bureau/SlaveNarrativesSAE-1/CodeSource/Web/Version4.0/racine_recits_esclave/racine/public/index.php(67): CodeIgniter\CodeIgniter->run()
#12 /home/james/Bureau/SlaveNarrativesSAE-1/CodeSource/Web/Version4.0/racine_recits_esclave/racine/system/Commands/Server/rewrite.php(47): require_once('...')
#13 {main}

Next CodeIgniter\Database\Exceptions\DatabaseException: Unknown database 'database2' in /home/james/Bureau/SlaveNarrativesSAE-1/CodeSource/Web/Version4.0/racine_recits_esclave/racine/system/Database/MySQLi/Connection.php:218
Stack trace:
#0 /home/james/Bureau/SlaveNarrativesSAE-1/CodeSource/Web/Version4.0/racine_recits_esclave/racine/system/Database/BaseConnection.php(391): CodeIgniter\Database\MySQLi\Connection->connect()
#1 /home/james/Bureau/SlaveNarrativesSAE-1/CodeSource/Web/Version4.0/racine_recits_esclave/racine/system/Database/BaseConnection.php(573): CodeIgniter\Database\BaseConnection->initialize()
#2 /home/james/Bureau/SlaveNarrativesSAE-1/CodeSource/Web/Version4.0/racine_recits_esclave/racine/system/Database/BaseBuilder.php(1602): CodeIgniter\Database\BaseConnection->query()
#3 /home/james/Bureau/SlaveNarrativesSAE-1/CodeSource/Web/Version4.0/racine_recits_esclave/racine/system/Model.php(240): CodeIgniter\Database\BaseBuilder->get()
#4 /home/james/Bureau/SlaveNarrativesSAE-1/CodeSource/Web/Version4.0/racine_recits_esclave/racine/system/BaseModel.php(618): CodeIgniter\Model->doFindAll()
#5 /home/james/Bureau/SlaveNarrativesSAE-1/CodeSource/Web/Version4.0/racine_recits_esclave/racine/app/Models/ModelMap.php(19): CodeIgniter\BaseModel->findAll()
#6 /home/james/Bureau/SlaveNarrativesSAE-1/CodeSource/Web/Version4.0/racine_recits_esclave/racine/app/Controllers/Map.php(79): App\Models\ModelMap->getPoints()
#7 /home/james/Bureau/SlaveNarrativesSAE-1/CodeSource/Web/Version4.0/racine_recits_esclave/racine/system/CodeIgniter.php(934): App\Controllers\Map->index()
#8 /home/james/Bureau/SlaveNarrativesSAE-1/CodeSource/Web/Version4.0/racine_recits_esclave/racine/system/CodeIgniter.php(499): CodeIgniter\CodeIgniter->runController()
#9 /home/james/Bureau/SlaveNarrativesSAE-1/CodeSource/Web/Version4.0/racine_recits_esclave/racine/system/CodeIgniter.php(368): CodeIgniter\CodeIgniter->handleRequest()
#10 /home/james/Bureau/SlaveNarrativesSAE-1/CodeSource/Web/Version4.0/racine_recits_esclave/racine/public/index.php(67): CodeIgniter\CodeIgniter->run()
#11 /home/james/Bureau/SlaveNarrativesSAE-1/CodeSource/Web/Version4.0/racine_recits_esclave/racine/system/Commands/Server/rewrite.php(47): require_once('...')
#12 {main}
CRITICAL - 2023-10-06 13:45:45 --> Unable to connect to the database.
Main connection [MySQLi]: Unknown database 'database2'
in SYSTEMPATH/Database/BaseConnection.php on line 427.
 1 SYSTEMPATH/Database/BaseConnection.php(573): CodeIgniter\Database\BaseConnection->initialize()
 2 SYSTEMPATH/Database/BaseBuilder.php(1602): CodeIgniter\Database\BaseConnection->query()
 3 SYSTEMPATH/Model.php(240): CodeIgniter\Database\BaseBuilder->get()
 4 SYSTEMPATH/BaseModel.php(618): CodeIgniter\Model->doFindAll()
 5 APPPATH/Models/ModelMap.php(19): CodeIgniter\BaseModel->findAll()
 6 APPPATH/Controllers/Map.php(79): App\Models\ModelMap->getPoints()
 7 SYSTEMPATH/CodeIgniter.php(934): App\Controllers\Map->index()
 8 SYSTEMPATH/CodeIgniter.php(499): CodeIgniter\CodeIgniter->runController()
 9 SYSTEMPATH/CodeIgniter.php(368): CodeIgniter\CodeIgniter->handleRequest()
10 FCPATH/index.php(67): CodeIgniter\CodeIgniter->run()
11 SYSTEMPATH/Commands/Server/rewrite.php(47): require_once('FCPATH/index.php')
INFO - 2023-10-06 13:46:00 --> Session: Class initialized using 'CodeIgniter\Session\Handlers\FileHandler' driver.
INFO - 2023-10-06 13:46:07 --> Session: Class initialized using 'CodeIgniter\Session\Handlers\FileHandler' driver.
INFO - 2023-10-06 13:46:07 --> Session: Class initialized using 'CodeIgniter\Session\Handlers\FileHandler' driver.
INFO - 2023-10-06 13:55:05 --> Session: Class initialized using 'CodeIgniter\Session\Handlers\FileHandler' driver.
INFO - 2023-10-06 13:55:07 --> Session: Class initialized using 'CodeIgniter\Session\Handlers\FileHandler' driver.
INFO - 2023-10-06 13:55:17 --> Session: Class initialized using 'CodeIgniter\Session\Handlers\FileHandler' driver.
INFO - 2023-10-06 13:55:24 --> Session: Class initialized using 'CodeIgniter\Session\Handlers\FileHandler' driver.
INFO - 2023-10-06 13:56:30 --> Session: Class initialized using 'CodeIgniter\Session\Handlers\FileHandler' driver.
INFO - 2023-10-06 13:57:04 --> Session: Class initialized using 'CodeIgniter\Session\Handlers\FileHandler' driver.
INFO - 2023-10-06 13:57:04 --> Session: Class initialized using 'CodeIgniter\Session\Handlers\FileHandler' driver.
INFO - 2023-10-06 13:57:06 --> Session: Class initialized using 'CodeIgniter\Session\Handlers\FileHandler' driver.
INFO - 2023-10-06 13:57:06 --> Session: Class initialized using 'CodeIgniter\Session\Handlers\FileHandler' driver.
INFO - 2023-10-06 13:57:07 --> Session: Class initialized using 'CodeIgniter\Session\Handlers\FileHandler' driver.
INFO - 2023-10-06 13:57:07 --> Session: Class initialized using 'CodeIgniter\Session\Handlers\FileHandler' driver.
INFO - 2023-10-06 13:57:09 --> Session: Class initialized using 'CodeIgniter\Session\Handlers\FileHandler' driver.
INFO - 2023-10-06 13:57:09 --> Session: Class initialized using 'CodeIgniter\Session\Handlers\FileHandler' driver.
INFO - 2023-10-06 13:57:11 --> Session: Class initialized using 'CodeIgniter\Session\Handlers\FileHandler' driver.
INFO - 2023-10-06 13:57:11 --> Session: Class initialized using 'CodeIgniter\Session\Handlers\FileHandler' driver.
INFO - 2023-10-06 13:57:15 --> Session: Class initialized using 'CodeIgniter\Session\Handlers\FileHandler' driver.
INFO - 2023-10-06 13:57:15 --> Session: Class initialized using 'CodeIgniter\Session\Handlers\FileHandler' driver.
INFO - 2023-10-06 13:57:16 --> Session: Class initialized using 'CodeIgniter\Session\Handlers\FileHandler' driver.
INFO - 2023-10-06 13:57:16 --> Session: Class initialized using 'CodeIgniter\Session\Handlers\FileHandler' driver.
INFO - 2023-10-06 13:59:22 --> Session: Class initialized using 'CodeIgniter\Session\Handlers\FileHandler' driver.
INFO - 2023-10-06 13:59:24 --> Session: Class initialized using 'CodeIgniter\Session\Handlers\FileHandler' driver.
INFO - 2023-10-06 13:59:24 --> Session: Class initialized using 'CodeIgniter\Session\Handlers\FileHandler' driver.
INFO - 2023-10-06 13:59:28 --> Session: Class initialized using 'CodeIgniter\Session\Handlers\FileHandler' driver.
INFO - 2023-10-06 13:59:28 --> Session: Class initialized using 'CodeIgniter\Session\Handlers\FileHandler' driver.
INFO - 2023-10-06 13:59:30 --> Session: Class initialized using 'CodeIgniter\Session\Handlers\FileHandler' driver.
INFO - 2023-10-06 13:59:30 --> Session: Class initialized using 'CodeIgniter\Session\Handlers\FileHandler' driver.
INFO - 2023-10-06 13:59:32 --> Session: Class initialized using 'CodeIgniter\Session\Handlers\FileHandler' driver.
INFO - 2023-10-06 13:59:32 --> Session: Class initialized using 'CodeIgniter\Session\Handlers\FileHandler' driver.
INFO - 2023-10-06 13:59:33 --> Session: Class initialized using 'CodeIgniter\Session\Handlers\FileHandler' driver.
INFO - 2023-10-06 13:59:33 --> Session: Class initialized using 'CodeIgniter\Session\Handlers\FileHandler' driver.
INFO - 2023-10-06 13:59:39 --> Session: Class initialized using 'CodeIgniter\Session\Handlers\FileHandler' driver.
INFO - 2023-10-06 13:59:39 --> Session: Class initialized using 'CodeIgniter\Session\Handlers\FileHandler' driver.
ERROR - 2023-10-06 15:34:00 --> Error connecting to the database: mysqli_sql_exception: Unknown database 'databasetest2' in C:\GitHub\SlaveNarrativesSAE\CodeSource\Web\Version4.0\racine_recits_esclave\racine\system\Database\MySQLi\Connection.php:173
Stack trace:
#0 C:\GitHub\SlaveNarrativesSAE\CodeSource\Web\Version4.0\racine_recits_esclave\racine\system\Database\MySQLi\Connection.php(173): mysqli->real_connect('127.0.0.1', 'root', Object(SensitiveParameterValue), 'databasetest2', 3306, '', 0)
#1 C:\GitHub\SlaveNarrativesSAE\CodeSource\Web\Version4.0\racine_recits_esclave\racine\system\Database\BaseConnection.php(391): CodeIgniter\Database\MySQLi\Connection->connect(false)
#2 C:\GitHub\SlaveNarrativesSAE\CodeSource\Web\Version4.0\racine_recits_esclave\racine\system\Database\BaseConnection.php(573): CodeIgniter\Database\BaseConnection->initialize()
#3 C:\GitHub\SlaveNarrativesSAE\CodeSource\Web\Version4.0\racine_recits_esclave\racine\system\Database\BaseBuilder.php(1602): CodeIgniter\Database\BaseConnection->query('SELECT *\nFROM `...', Array, false)
#4 C:\GitHub\SlaveNarrativesSAE\CodeSource\Web\Version4.0\racine_recits_esclave\racine\system\Model.php(240): CodeIgniter\Database\BaseBuilder->get()
#5 C:\GitHub\SlaveNarrativesSAE\CodeSource\Web\Version4.0\racine_recits_esclave\racine\system\BaseModel.php(618): CodeIgniter\Model->doFindAll(60, 0)
#6 C:\GitHub\SlaveNarrativesSAE\CodeSource\Web\Version4.0\racine_recits_esclave\racine\app\Models\ModelMap.php(19): CodeIgniter\BaseModel->findAll(60)
#7 C:\GitHub\SlaveNarrativesSAE\CodeSource\Web\Version4.0\racine_recits_esclave\racine\app\Controllers\Map.php(79): App\Models\ModelMap->getPoints()
#8 C:\GitHub\SlaveNarrativesSAE\CodeSource\Web\Version4.0\racine_recits_esclave\racine\system\CodeIgniter.php(934): App\Controllers\Map->index()
#9 C:\GitHub\SlaveNarrativesSAE\CodeSource\Web\Version4.0\racine_recits_esclave\racine\system\CodeIgniter.php(499): CodeIgniter\CodeIgniter->runController(Object(App\Controllers\Map))
#10 C:\GitHub\SlaveNarrativesSAE\CodeSource\Web\Version4.0\racine_recits_esclave\racine\system\CodeIgniter.php(368): CodeIgniter\CodeIgniter->handleRequest(NULL, Object(Config\Cache), false)
#11 C:\GitHub\SlaveNarrativesSAE\CodeSource\Web\Version4.0\racine_recits_esclave\racine\public\index.php(67): CodeIgniter\CodeIgniter->run()
#12 C:\GitHub\SlaveNarrativesSAE\CodeSource\Web\Version4.0\racine_recits_esclave\racine\system\Commands\Server\rewrite.php(47): require_once('C:\\GitHub\\Slave...')
#13 {main}

Next CodeIgniter\Database\Exceptions\DatabaseException: Unknown database 'databasetest2' in C:\GitHub\SlaveNarrativesSAE\CodeSource\Web\Version4.0\racine_recits_esclave\racine\system\Database\MySQLi\Connection.php:218
Stack trace:
#0 C:\GitHub\SlaveNarrativesSAE\CodeSource\Web\Version4.0\racine_recits_esclave\racine\system\Database\BaseConnection.php(391): CodeIgniter\Database\MySQLi\Connection->connect(false)
#1 C:\GitHub\SlaveNarrativesSAE\CodeSource\Web\Version4.0\racine_recits_esclave\racine\system\Database\BaseConnection.php(573): CodeIgniter\Database\BaseConnection->initialize()
#2 C:\GitHub\SlaveNarrativesSAE\CodeSource\Web\Version4.0\racine_recits_esclave\racine\system\Database\BaseBuilder.php(1602): CodeIgniter\Database\BaseConnection->query('SELECT *\nFROM `...', Array, false)
#3 C:\GitHub\SlaveNarrativesSAE\CodeSource\Web\Version4.0\racine_recits_esclave\racine\system\Model.php(240): CodeIgniter\Database\BaseBuilder->get()
#4 C:\GitHub\SlaveNarrativesSAE\CodeSource\Web\Version4.0\racine_recits_esclave\racine\system\BaseModel.php(618): CodeIgniter\Model->doFindAll(60, 0)
#5 C:\GitHub\SlaveNarrativesSAE\CodeSource\Web\Version4.0\racine_recits_esclave\racine\app\Models\ModelMap.php(19): CodeIgniter\BaseModel->findAll(60)
#6 C:\GitHub\SlaveNarrativesSAE\CodeSource\Web\Version4.0\racine_recits_esclave\racine\app\Controllers\Map.php(79): App\Models\ModelMap->getPoints()
#7 C:\GitHub\SlaveNarrativesSAE\CodeSource\Web\Version4.0\racine_recits_esclave\racine\system\CodeIgniter.php(934): App\Controllers\Map->index()
#8 C:\GitHub\SlaveNarrativesSAE\CodeSource\Web\Version4.0\racine_recits_esclave\racine\system\CodeIgniter.php(499): CodeIgniter\CodeIgniter->runController(Object(App\Controllers\Map))
#9 C:\GitHub\SlaveNarrativesSAE\CodeSource\Web\Version4.0\racine_recits_esclave\racine\system\CodeIgniter.php(368): CodeIgniter\CodeIgniter->handleRequest(NULL, Object(Config\Cache), false)
#10 C:\GitHub\SlaveNarrativesSAE\CodeSource\Web\Version4.0\racine_recits_esclave\racine\public\index.php(67): CodeIgniter\CodeIgniter->run()
#11 C:\GitHub\SlaveNarrativesSAE\CodeSource\Web\Version4.0\racine_recits_esclave\racine\system\Commands\Server\rewrite.php(47): require_once('C:\\GitHub\\Slave...')
#12 {main}
CRITICAL - 2023-10-06 15:34:00 --> Unable to connect to the database.
Main connection [MySQLi]: Unknown database 'databasetest2'
in SYSTEMPATH\Database\BaseConnection.php on line 427.
 1 SYSTEMPATH\Database\BaseConnection.php(573): CodeIgniter\Database\BaseConnection->initialize()
 2 SYSTEMPATH\Database\BaseBuilder.php(1602): CodeIgniter\Database\BaseConnection->query('SELECT *
FROM `points`
JOIN `tab_recits_v3` ON `points`.`id_recit` = `tab_recits_v3`.`id_recit`
WHERE `points`.`type` = :points.type:
 LIMIT 60', [...], false)
 3 SYSTEMPATH\Model.php(240): CodeIgniter\Database\BaseBuilder->get()
 4 SYSTEMPATH\BaseModel.php(618): CodeIgniter\Model->doFindAll(60, 0)
 5 APPPATH\Models\ModelMap.php(19): CodeIgniter\BaseModel->findAll(60)
 6 APPPATH\Controllers\Map.php(79): App\Models\ModelMap->getPoints()
 7 SYSTEMPATH\CodeIgniter.php(934): App\Controllers\Map->index()
 8 SYSTEMPATH\CodeIgniter.php(499): CodeIgniter\CodeIgniter->runController(Object(App\Controllers\Map))
 9 SYSTEMPATH\CodeIgniter.php(368): CodeIgniter\CodeIgniter->handleRequest(null, Object(Config\Cache), false)
10 FCPATH\index.php(67): CodeIgniter\CodeIgniter->run()
11 SYSTEMPATH\Commands\Server\rewrite.php(47): require_once('FCPATH\\index.php')
INFO - 2023-10-06 15:34:50 --> Session: Class initialized using 'CodeIgniter\Session\Handlers\FileHandler' driver.
INFO - 2023-10-06 15:35:05 --> Session: Class initialized using 'CodeIgniter\Session\Handlers\FileHandler' driver.
INFO - 2023-10-06 15:35:05 --> Session: Class initialized using 'CodeIgniter\Session\Handlers\FileHandler' driver.
INFO - 2023-10-06 15:35:07 --> Session: Class initialized using 'CodeIgniter\Session\Handlers\FileHandler' driver.
INFO - 2023-10-06 15:35:07 --> Session: Class initialized using 'CodeIgniter\Session\Handlers\FileHandler' driver.
INFO - 2023-10-06 15:35:16 --> Session: Class initialized using 'CodeIgniter\Session\Handlers\FileHandler' driver.
INFO - 2023-10-06 15:35:16 --> Session: Class initialized using 'CodeIgniter\Session\Handlers\FileHandler' driver.
INFO - 2023-10-06 15:35:19 --> Session: Class initialized using 'CodeIgniter\Session\Handlers\FileHandler' driver.
INFO - 2023-10-06 15:35:19 --> Session: Class initialized using 'CodeIgniter\Session\Handlers\FileHandler' driver.
